"gcc -o conftest -I/jaycarter.rvm/rubies/ruby-2.1.0/include/ruby-2.1.0/x86_64-darwin14.0 -I/jaycarter.rvm/rubies/ruby-2.1.0/include/ruby-2.1.0/ruby/backward -I/jaycarter.rvm/rubies/ruby-2.1.0/include/ruby-2.1.0 -I. -I/Volumes/MacBook_Files_HD/a_____WEB_DEV/corner-grocery/vendor/bundle/ruby/2.1.0/gems/nokogiri-1.6.1/ports/x86_64-apple-darwin14.0.0/libxml2/2.8.0/include/libxml2 -I/Volumes/MacBook_Files_HD/a_____WEB_DEV/corner-grocery/vendor/bundle/ruby/2.1.0/gems/nokogiri-1.6.1/ports/x86_64-apple-darwin14.0.0/libxml2/2.8.0/include -I/Volumes/MacBook_Files_HD/a_____WEB_DEV/corner-grocery/vendor/bundle/ruby/2.1.0/gems/nokogiri-1.6.1/ports/x86_64-apple-darwin14.0.0/libxslt/1.1.26/include  -I/usr/local/opt/libyaml/include -I/usr/local/opt/readline/include -I/usr/local/opt/libksba/include -I/usr/local/opt/openssl/include -D_XOPEN_SOURCE -D_DARWIN_C_SOURCE -D_DARWIN_UNLIMITED_SELECT -D_REENTRANT    -O3 -fno-fast-math -ggdb3 -Wall -Wextra -Wno-unused-parameter -Wno-parentheses -Wno-long-long -Wno-missing-field-initializers -Wunused-variable -Wpointer-arith -Wwrite-strings -Wdeclaration-after-statement -Wshorten-64-to-32 -Wimplicit-function-declaration -Wdivision-by-zero -Wextra-tokens  -fno-common -pipe  -g -DXP_UNIX -O3 -Wall -Wcast-qual -Wwrite-strings -Wconversion -Wmissing-noreturn -Winline -DNOKOGIRI_USE_PACKAGED_LIBRARIES -DNOKOGIRI_LIBXML2_PATH='"/Volumes/MacBook_Files_HD/a_____WEB_DEV/corner-grocery/vendor/bundle/ruby/2.1.0/gems/nokogiri-1.6.1/ports/x86_64-apple-darwin14.0.0/libxml2/2.8.0"' -DNOKOGIRI_LIBXSLT_PATH='"/Volumes/MacBook_Files_HD/a_____WEB_DEV/corner-grocery/vendor/bundle/ruby/2.1.0/gems/nokogiri-1.6.1/ports/x86_64-apple-darwin14.0.0/libxslt/1.1.26"' conftest.c  -L. -L/jaycarter.rvm/rubies/ruby-2.1.0/lib -L/Volumes/MacBook_Files_HD/a_____WEB_DEV/corner-grocery/vendor/bundle/ruby/2.1.0/gems/nokogiri-1.6.1/ports/x86_64-apple-darwin14.0.0/libxml2/2.8.0/lib -L/Volumes/MacBook_Files_HD/a_____WEB_DEV/corner-grocery/vendor/bundle/ruby/2.1.0/gems/nokogiri-1.6.1/ports/x86_64-apple-darwin14.0.0/libxslt/1.1.26/lib -L/usr/local/opt/libyaml/lib -L/usr/local/opt/readline/lib -L/usr/local/opt/libksba/lib -L/usr/local/opt/openssl/lib -lxslt -lxml2 -lz -lpthread -licucore -lm -lxml2     -lruby.2.1.0  -lpthread -ldl -lobjc  "
checked program was:
/* begin */
1: #include "ruby.h"
2: 
3: int main(int argc, char **argv)
4: {
5:   return 0;
6: }
/* end */

"gcc -o conftest -I/jaycarter.rvm/rubies/ruby-2.1.0/include/ruby-2.1.0/x86_64-darwin14.0 -I/jaycarter.rvm/rubies/ruby-2.1.0/include/ruby-2.1.0/ruby/backward -I/jaycarter.rvm/rubies/ruby-2.1.0/include/ruby-2.1.0 -I. -I/Volumes/MacBook_Files_HD/a_____WEB_DEV/corner-grocery/vendor/bundle/ruby/2.1.0/gems/nokogiri-1.6.1/ports/x86_64-apple-darwin14.0.0/libxml2/2.8.0/include/libxml2 -I/Volumes/MacBook_Files_HD/a_____WEB_DEV/corner-grocery/vendor/bundle/ruby/2.1.0/gems/nokogiri-1.6.1/ports/x86_64-apple-darwin14.0.0/libxml2/2.8.0/include -I/Volumes/MacBook_Files_HD/a_____WEB_DEV/corner-grocery/vendor/bundle/ruby/2.1.0/gems/nokogiri-1.6.1/ports/x86_64-apple-darwin14.0.0/libxslt/1.1.26/include  -I/usr/local/opt/libyaml/include -I/usr/local/opt/readline/include -I/usr/local/opt/libksba/include -I/usr/local/opt/openssl/include -D_XOPEN_SOURCE -D_DARWIN_C_SOURCE -D_DARWIN_UNLIMITED_SELECT -D_REENTRANT    -O3 -fno-fast-math -ggdb3 -Wall -Wextra -Wno-unused-parameter -Wno-parentheses -Wno-long-long -Wno-missing-field-initializers -Wunused-variable -Wpointer-arith -Wwrite-strings -Wdeclaration-after-statement -Wshorten-64-to-32 -Wimplicit-function-declaration -Wdivision-by-zero -Wextra-tokens  -fno-common -pipe  -g -DXP_UNIX -O3 -Wall -Wcast-qual -Wwrite-strings -Wconversion -Wmissing-noreturn -Winline -DNOKOGIRI_USE_PACKAGED_LIBRARIES -DNOKOGIRI_LIBXML2_PATH='"/Volumes/MacBook_Files_HD/a_____WEB_DEV/corner-grocery/vendor/bundle/ruby/2.1.0/gems/nokogiri-1.6.1/ports/x86_64-apple-darwin14.0.0/libxml2/2.8.0"' -DNOKOGIRI_LIBXSLT_PATH='"/Volumes/MacBook_Files_HD/a_____WEB_DEV/corner-grocery/vendor/bundle/ruby/2.1.0/gems/nokogiri-1.6.1/ports/x86_64-apple-darwin14.0.0/libxslt/1.1.26"' conftest.c  -L. -L/jaycarter.rvm/rubies/ruby-2.1.0/lib -L/Volumes/MacBook_Files_HD/a_____WEB_DEV/corner-grocery/vendor/bundle/ruby/2.1.0/gems/nokogiri-1.6.1/ports/x86_64-apple-darwin14.0.0/libxml2/2.8.0/lib -L/Volumes/MacBook_Files_HD/a_____WEB_DEV/corner-grocery/vendor/bundle/ruby/2.1.0/gems/nokogiri-1.6.1/ports/x86_64-apple-darwin14.0.0/libxslt/1.1.26/lib -L/usr/local/opt/libyaml/lib -L/usr/local/opt/readline/lib -L/usr/local/opt/libksba/lib -L/usr/local/opt/openssl/lib -lxslt -lxml2 -lz -lpthread -licucore -lm -lxml2     -lruby.2.1.0  -lpthread -ldl -lobjc  "
checked program was:
/* begin */
1: #include "ruby.h"
2: 
3: int main() {return 0;}
/* end */

package configuration for libxslt
cflags: -I/usr/include/libxml2
ldflags: 
libs: -lxslt -lxml2 -lz -lpthread -licucore -lm -lxml2

"gcc -o conftest -I/jaycarter.rvm/rubies/ruby-2.1.0/include/ruby-2.1.0/x86_64-darwin14.0 -I/jaycarter.rvm/rubies/ruby-2.1.0/include/ruby-2.1.0/ruby/backward -I/jaycarter.rvm/rubies/ruby-2.1.0/include/ruby-2.1.0 -I. -I/Volumes/MacBook_Files_HD/a_____WEB_DEV/corner-grocery/vendor/bundle/ruby/2.1.0/gems/nokogiri-1.6.1/ports/x86_64-apple-darwin14.0.0/libxml2/2.8.0/include/libxml2 -I/Volumes/MacBook_Files_HD/a_____WEB_DEV/corner-grocery/vendor/bundle/ruby/2.1.0/gems/nokogiri-1.6.1/ports/x86_64-apple-darwin14.0.0/libxml2/2.8.0/include -I/Volumes/MacBook_Files_HD/a_____WEB_DEV/corner-grocery/vendor/bundle/ruby/2.1.0/gems/nokogiri-1.6.1/ports/x86_64-apple-darwin14.0.0/libxslt/1.1.26/include  -I/usr/local/opt/libyaml/include -I/usr/local/opt/readline/include -I/usr/local/opt/libksba/include -I/usr/local/opt/openssl/include -D_XOPEN_SOURCE -D_DARWIN_C_SOURCE -D_DARWIN_UNLIMITED_SELECT -D_REENTRANT    -O3 -fno-fast-math -ggdb3 -Wall -Wextra -Wno-unused-parameter -Wno-parentheses -Wno-long-long -Wno-missing-field-initializers -Wunused-variable -Wpointer-arith -Wwrite-strings -Wdeclaration-after-statement -Wshorten-64-to-32 -Wimplicit-function-declaration -Wdivision-by-zero -Wextra-tokens  -fno-common -pipe  -g -DXP_UNIX -O3 -Wall -Wcast-qual -Wwrite-strings -Wconversion -Wmissing-noreturn -Winline -DNOKOGIRI_USE_PACKAGED_LIBRARIES -DNOKOGIRI_LIBXML2_PATH='"/Volumes/MacBook_Files_HD/a_____WEB_DEV/corner-grocery/vendor/bundle/ruby/2.1.0/gems/nokogiri-1.6.1/ports/x86_64-apple-darwin14.0.0/libxml2/2.8.0"' -DNOKOGIRI_LIBXSLT_PATH='"/Volumes/MacBook_Files_HD/a_____WEB_DEV/corner-grocery/vendor/bundle/ruby/2.1.0/gems/nokogiri-1.6.1/ports/x86_64-apple-darwin14.0.0/libxslt/1.1.26"' -I/usr/include/libxml2 conftest.c  -L. -L/jaycarter.rvm/rubies/ruby-2.1.0/lib -L/Volumes/MacBook_Files_HD/a_____WEB_DEV/corner-grocery/vendor/bundle/ruby/2.1.0/gems/nokogiri-1.6.1/ports/x86_64-apple-darwin14.0.0/libxml2/2.8.0/lib -L/Volumes/MacBook_Files_HD/a_____WEB_DEV/corner-grocery/vendor/bundle/ruby/2.1.0/gems/nokogiri-1.6.1/ports/x86_64-apple-darwin14.0.0/libxslt/1.1.26/lib -L/usr/local/opt/libyaml/lib -L/usr/local/opt/readline/lib -L/usr/local/opt/libksba/lib -L/usr/local/opt/openssl/lib -lxml2     -lxslt -lxml2 -lz -lpthread -licucore -lm -lxml2 -lruby.2.1.0  -lpthread -ldl -lobjc  "
checked program was:
/* begin */
1: #include "ruby.h"
2: 
3: int main() {return 0;}
/* end */

package configuration for libxml-2.0
cflags: -I/usr/include/libxml2
ldflags: 
libs: -lxml2

package configuration for libiconv is not found
find_header: checking for libxml/parser.h... -------------------- yes

"gcc -E -I/jaycarter.rvm/rubies/ruby-2.1.0/include/ruby-2.1.0/x86_64-darwin14.0 -I/jaycarter.rvm/rubies/ruby-2.1.0/include/ruby-2.1.0/ruby/backward -I/jaycarter.rvm/rubies/ruby-2.1.0/include/ruby-2.1.0 -I. -I/Volumes/MacBook_Files_HD/a_____WEB_DEV/corner-grocery/vendor/bundle/ruby/2.1.0/gems/nokogiri-1.6.1/ports/x86_64-apple-darwin14.0.0/libxml2/2.8.0/include/libxml2 -I/Volumes/MacBook_Files_HD/a_____WEB_DEV/corner-grocery/vendor/bundle/ruby/2.1.0/gems/nokogiri-1.6.1/ports/x86_64-apple-darwin14.0.0/libxml2/2.8.0/include -I/Volumes/MacBook_Files_HD/a_____WEB_DEV/corner-grocery/vendor/bundle/ruby/2.1.0/gems/nokogiri-1.6.1/ports/x86_64-apple-darwin14.0.0/libxslt/1.1.26/include  -I/usr/local/opt/libyaml/include -I/usr/local/opt/readline/include -I/usr/local/opt/libksba/include -I/usr/local/opt/openssl/include -D_XOPEN_SOURCE -D_DARWIN_C_SOURCE -D_DARWIN_UNLIMITED_SELECT -D_REENTRANT    -O3 -fno-fast-math -ggdb3 -Wall -Wextra -Wno-unused-parameter -Wno-parentheses -Wno-long-long -Wno-missing-field-initializers -Wunused-variable -Wpointer-arith -Wwrite-strings -Wdeclaration-after-statement -Wshorten-64-to-32 -Wimplicit-function-declaration -Wdivision-by-zero -Wextra-tokens  -fno-common -pipe  -g -DXP_UNIX -O3 -Wall -Wcast-qual -Wwrite-strings -Wconversion -Wmissing-noreturn -Winline -DNOKOGIRI_USE_PACKAGED_LIBRARIES -DNOKOGIRI_LIBXML2_PATH='"/Volumes/MacBook_Files_HD/a_____WEB_DEV/corner-grocery/vendor/bundle/ruby/2.1.0/gems/nokogiri-1.6.1/ports/x86_64-apple-darwin14.0.0/libxml2/2.8.0"' -DNOKOGIRI_LIBXSLT_PATH='"/Volumes/MacBook_Files_HD/a_____WEB_DEV/corner-grocery/vendor/bundle/ruby/2.1.0/gems/nokogiri-1.6.1/ports/x86_64-apple-darwin14.0.0/libxslt/1.1.26"' -I/usr/include/libxml2 -I/usr/include/libxml2  conftest.c -o conftest.i"
checked program was:
/* begin */
1: #include "ruby.h"
2: 
3: #include <libxml/parser.h>
/* end */

--------------------

find_header: checking for libxslt/xslt.h... -------------------- yes

"gcc -E -I/jaycarter.rvm/rubies/ruby-2.1.0/include/ruby-2.1.0/x86_64-darwin14.0 -I/jaycarter.rvm/rubies/ruby-2.1.0/include/ruby-2.1.0/ruby/backward -I/jaycarter.rvm/rubies/ruby-2.1.0/include/ruby-2.1.0 -I. -I/Volumes/MacBook_Files_HD/a_____WEB_DEV/corner-grocery/vendor/bundle/ruby/2.1.0/gems/nokogiri-1.6.1/ports/x86_64-apple-darwin14.0.0/libxml2/2.8.0/include/libxml2 -I/Volumes/MacBook_Files_HD/a_____WEB_DEV/corner-grocery/vendor/bundle/ruby/2.1.0/gems/nokogiri-1.6.1/ports/x86_64-apple-darwin14.0.0/libxml2/2.8.0/include -I/Volumes/MacBook_Files_HD/a_____WEB_DEV/corner-grocery/vendor/bundle/ruby/2.1.0/gems/nokogiri-1.6.1/ports/x86_64-apple-darwin14.0.0/libxslt/1.1.26/include  -I/usr/local/opt/libyaml/include -I/usr/local/opt/readline/include -I/usr/local/opt/libksba/include -I/usr/local/opt/openssl/include -D_XOPEN_SOURCE -D_DARWIN_C_SOURCE -D_DARWIN_UNLIMITED_SELECT -D_REENTRANT    -O3 -fno-fast-math -ggdb3 -Wall -Wextra -Wno-unused-parameter -Wno-parentheses -Wno-long-long -Wno-missing-field-initializers -Wunused-variable -Wpointer-arith -Wwrite-strings -Wdeclaration-after-statement -Wshorten-64-to-32 -Wimplicit-function-declaration -Wdivision-by-zero -Wextra-tokens  -fno-common -pipe  -g -DXP_UNIX -O3 -Wall -Wcast-qual -Wwrite-strings -Wconversion -Wmissing-noreturn -Winline -DNOKOGIRI_USE_PACKAGED_LIBRARIES -DNOKOGIRI_LIBXML2_PATH='"/Volumes/MacBook_Files_HD/a_____WEB_DEV/corner-grocery/vendor/bundle/ruby/2.1.0/gems/nokogiri-1.6.1/ports/x86_64-apple-darwin14.0.0/libxml2/2.8.0"' -DNOKOGIRI_LIBXSLT_PATH='"/Volumes/MacBook_Files_HD/a_____WEB_DEV/corner-grocery/vendor/bundle/ruby/2.1.0/gems/nokogiri-1.6.1/ports/x86_64-apple-darwin14.0.0/libxslt/1.1.26"' -I/usr/include/libxml2 -I/usr/include/libxml2  conftest.c -o conftest.i"
checked program was:
/* begin */
1: #include "ruby.h"
2: 
3: #include <libxslt/xslt.h>
/* end */

--------------------

find_header: checking for libexslt/exslt.h... -------------------- yes

"gcc -E -I/jaycarter.rvm/rubies/ruby-2.1.0/include/ruby-2.1.0/x86_64-darwin14.0 -I/jaycarter.rvm/rubies/ruby-2.1.0/include/ruby-2.1.0/ruby/backward -I/jaycarter.rvm/rubies/ruby-2.1.0/include/ruby-2.1.0 -I. -I/Volumes/MacBook_Files_HD/a_____WEB_DEV/corner-grocery/vendor/bundle/ruby/2.1.0/gems/nokogiri-1.6.1/ports/x86_64-apple-darwin14.0.0/libxml2/2.8.0/include/libxml2 -I/Volumes/MacBook_Files_HD/a_____WEB_DEV/corner-grocery/vendor/bundle/ruby/2.1.0/gems/nokogiri-1.6.1/ports/x86_64-apple-darwin14.0.0/libxml2/2.8.0/include -I/Volumes/MacBook_Files_HD/a_____WEB_DEV/corner-grocery/vendor/bundle/ruby/2.1.0/gems/nokogiri-1.6.1/ports/x86_64-apple-darwin14.0.0/libxslt/1.1.26/include  -I/usr/local/opt/libyaml/include -I/usr/local/opt/readline/include -I/usr/local/opt/libksba/include -I/usr/local/opt/openssl/include -D_XOPEN_SOURCE -D_DARWIN_C_SOURCE -D_DARWIN_UNLIMITED_SELECT -D_REENTRANT    -O3 -fno-fast-math -ggdb3 -Wall -Wextra -Wno-unused-parameter -Wno-parentheses -Wno-long-long -Wno-missing-field-initializers -Wunused-variable -Wpointer-arith -Wwrite-strings -Wdeclaration-after-statement -Wshorten-64-to-32 -Wimplicit-function-declaration -Wdivision-by-zero -Wextra-tokens  -fno-common -pipe  -g -DXP_UNIX -O3 -Wall -Wcast-qual -Wwrite-strings -Wconversion -Wmissing-noreturn -Winline -DNOKOGIRI_USE_PACKAGED_LIBRARIES -DNOKOGIRI_LIBXML2_PATH='"/Volumes/MacBook_Files_HD/a_____WEB_DEV/corner-grocery/vendor/bundle/ruby/2.1.0/gems/nokogiri-1.6.1/ports/x86_64-apple-darwin14.0.0/libxml2/2.8.0"' -DNOKOGIRI_LIBXSLT_PATH='"/Volumes/MacBook_Files_HD/a_____WEB_DEV/corner-grocery/vendor/bundle/ruby/2.1.0/gems/nokogiri-1.6.1/ports/x86_64-apple-darwin14.0.0/libxslt/1.1.26"' -I/usr/include/libxml2 -I/usr/include/libxml2  conftest.c -o conftest.i"
checked program was:
/* begin */
1: #include "ruby.h"
2: 
3: #include <libexslt/exslt.h>
/* end */

--------------------

have_func: checking for iconv_open() in iconv.h... -------------------- no

"gcc -o conftest -I/jaycarter.rvm/rubies/ruby-2.1.0/include/ruby-2.1.0/x86_64-darwin14.0 -I/jaycarter.rvm/rubies/ruby-2.1.0/include/ruby-2.1.0/ruby/backward -I/jaycarter.rvm/rubies/ruby-2.1.0/include/ruby-2.1.0 -I. -I/Volumes/MacBook_Files_HD/a_____WEB_DEV/corner-grocery/vendor/bundle/ruby/2.1.0/gems/nokogiri-1.6.1/ports/x86_64-apple-darwin14.0.0/libxml2/2.8.0/include/libxml2 -I/Volumes/MacBook_Files_HD/a_____WEB_DEV/corner-grocery/vendor/bundle/ruby/2.1.0/gems/nokogiri-1.6.1/ports/x86_64-apple-darwin14.0.0/libxml2/2.8.0/include -I/Volumes/MacBook_Files_HD/a_____WEB_DEV/corner-grocery/vendor/bundle/ruby/2.1.0/gems/nokogiri-1.6.1/ports/x86_64-apple-darwin14.0.0/libxslt/1.1.26/include  -I/usr/local/opt/libyaml/include -I/usr/local/opt/readline/include -I/usr/local/opt/libksba/include -I/usr/local/opt/openssl/include -D_XOPEN_SOURCE -D_DARWIN_C_SOURCE -D_DARWIN_UNLIMITED_SELECT -D_REENTRANT    -O3 -fno-fast-math -ggdb3 -Wall -Wextra -Wno-unused-parameter -Wno-parentheses -Wno-long-long -Wno-missing-field-initializers -Wunused-variable -Wpointer-arith -Wwrite-strings -Wdeclaration-after-statement -Wshorten-64-to-32 -Wimplicit-function-declaration -Wdivision-by-zero -Wextra-tokens  -fno-common -pipe  -g -DXP_UNIX -O3 -Wall -Wcast-qual -Wwrite-strings -Wconversion -Wmissing-noreturn -Winline -DNOKOGIRI_USE_PACKAGED_LIBRARIES -DNOKOGIRI_LIBXML2_PATH='"/Volumes/MacBook_Files_HD/a_____WEB_DEV/corner-grocery/vendor/bundle/ruby/2.1.0/gems/nokogiri-1.6.1/ports/x86_64-apple-darwin14.0.0/libxml2/2.8.0"' -DNOKOGIRI_LIBXSLT_PATH='"/Volumes/MacBook_Files_HD/a_____WEB_DEV/corner-grocery/vendor/bundle/ruby/2.1.0/gems/nokogiri-1.6.1/ports/x86_64-apple-darwin14.0.0/libxslt/1.1.26"' -I/usr/include/libxml2 -I/usr/include/libxml2 conftest.c  -L. -L/jaycarter.rvm/rubies/ruby-2.1.0/lib -L/Volumes/MacBook_Files_HD/a_____WEB_DEV/corner-grocery/vendor/bundle/ruby/2.1.0/gems/nokogiri-1.6.1/ports/x86_64-apple-darwin14.0.0/libxml2/2.8.0/lib -L/Volumes/MacBook_Files_HD/a_____WEB_DEV/corner-grocery/vendor/bundle/ruby/2.1.0/gems/nokogiri-1.6.1/ports/x86_64-apple-darwin14.0.0/libxslt/1.1.26/lib -L/usr/local/opt/libyaml/lib -L/usr/local/opt/readline/lib -L/usr/local/opt/libksba/lib -L/usr/local/opt/openssl/lib -L. -fstack-protector      -Wl,-rpath,/Volumes/MacBook_Files_HD/a_____WEB_DEV/corner-grocery/vendor/bundle/ruby/2.1.0/gems/nokogiri-1.6.1/ports/x86_64-apple-darwin14.0.0/libxml2/2.8.0/lib -Wl,-rpath,/Volumes/MacBook_Files_HD/a_____WEB_DEV/corner-grocery/vendor/bundle/ruby/2.1.0/gems/nokogiri-1.6.1/ports/x86_64-apple-darwin14.0.0/libxslt/1.1.26/lib       -lxslt -lxml2 -lz -lpthread -licucore -lm -lxml2 -lxml2 -lruby.2.1.0  -lxslt -lxml2 -lz -lpthread -licucore -lm -lxml2 -lxml2 -lpthread -ldl -lobjc  "
Undefined symbols for architecture x86_64:
  "_iconv_open", referenced from:
      _t in conftest-2566fe.o
ld: symbol(s) not found for architecture x86_64
clang: error: linker command failed with exit code 1 (use -v to see invocation)
checked program was:
/* begin */
 1: #include "ruby.h"
 2: 
 3: #include <iconv.h>
 4: 
 5: /*top*/
 6: extern int t(void);
 7: int main(int argc, char **argv)
 8: {
 9:   if (argc > 1000000) {
10:     printf("%p", &t);
11:   }
12: 
13:   return 0;
14: }
15: int t(void) { void ((*volatile p)()); p = (void ((*)()))iconv_open; return 0; }
/* end */

"gcc -o conftest -I/jaycarter.rvm/rubies/ruby-2.1.0/include/ruby-2.1.0/x86_64-darwin14.0 -I/jaycarter.rvm/rubies/ruby-2.1.0/include/ruby-2.1.0/ruby/backward -I/jaycarter.rvm/rubies/ruby-2.1.0/include/ruby-2.1.0 -I. -I/Volumes/MacBook_Files_HD/a_____WEB_DEV/corner-grocery/vendor/bundle/ruby/2.1.0/gems/nokogiri-1.6.1/ports/x86_64-apple-darwin14.0.0/libxml2/2.8.0/include/libxml2 -I/Volumes/MacBook_Files_HD/a_____WEB_DEV/corner-grocery/vendor/bundle/ruby/2.1.0/gems/nokogiri-1.6.1/ports/x86_64-apple-darwin14.0.0/libxml2/2.8.0/include -I/Volumes/MacBook_Files_HD/a_____WEB_DEV/corner-grocery/vendor/bundle/ruby/2.1.0/gems/nokogiri-1.6.1/ports/x86_64-apple-darwin14.0.0/libxslt/1.1.26/include  -I/usr/local/opt/libyaml/include -I/usr/local/opt/readline/include -I/usr/local/opt/libksba/include -I/usr/local/opt/openssl/include -D_XOPEN_SOURCE -D_DARWIN_C_SOURCE -D_DARWIN_UNLIMITED_SELECT -D_REENTRANT    -O3 -fno-fast-math -ggdb3 -Wall -Wextra -Wno-unused-parameter -Wno-parentheses -Wno-long-long -Wno-missing-field-initializers -Wunused-variable -Wpointer-arith -Wwrite-strings -Wdeclaration-after-statement -Wshorten-64-to-32 -Wimplicit-function-declaration -Wdivision-by-zero -Wextra-tokens  -fno-common -pipe  -g -DXP_UNIX -O3 -Wall -Wcast-qual -Wwrite-strings -Wconversion -Wmissing-noreturn -Winline -DNOKOGIRI_USE_PACKAGED_LIBRARIES -DNOKOGIRI_LIBXML2_PATH='"/Volumes/MacBook_Files_HD/a_____WEB_DEV/corner-grocery/vendor/bundle/ruby/2.1.0/gems/nokogiri-1.6.1/ports/x86_64-apple-darwin14.0.0/libxml2/2.8.0"' -DNOKOGIRI_LIBXSLT_PATH='"/Volumes/MacBook_Files_HD/a_____WEB_DEV/corner-grocery/vendor/bundle/ruby/2.1.0/gems/nokogiri-1.6.1/ports/x86_64-apple-darwin14.0.0/libxslt/1.1.26"' -I/usr/include/libxml2 -I/usr/include/libxml2 conftest.c  -L. -L/jaycarter.rvm/rubies/ruby-2.1.0/lib -L/Volumes/MacBook_Files_HD/a_____WEB_DEV/corner-grocery/vendor/bundle/ruby/2.1.0/gems/nokogiri-1.6.1/ports/x86_64-apple-darwin14.0.0/libxml2/2.8.0/lib -L/Volumes/MacBook_Files_HD/a_____WEB_DEV/corner-grocery/vendor/bundle/ruby/2.1.0/gems/nokogiri-1.6.1/ports/x86_64-apple-darwin14.0.0/libxslt/1.1.26/lib -L/usr/local/opt/libyaml/lib -L/usr/local/opt/readline/lib -L/usr/local/opt/libksba/lib -L/usr/local/opt/openssl/lib -L. -fstack-protector      -Wl,-rpath,/Volumes/MacBook_Files_HD/a_____WEB_DEV/corner-grocery/vendor/bundle/ruby/2.1.0/gems/nokogiri-1.6.1/ports/x86_64-apple-darwin14.0.0/libxml2/2.8.0/lib -Wl,-rpath,/Volumes/MacBook_Files_HD/a_____WEB_DEV/corner-grocery/vendor/bundle/ruby/2.1.0/gems/nokogiri-1.6.1/ports/x86_64-apple-darwin14.0.0/libxslt/1.1.26/lib       -lxslt -lxml2 -lz -lpthread -licucore -lm -lxml2 -lxml2 -lruby.2.1.0  -lxslt -lxml2 -lz -lpthread -licucore -lm -lxml2 -lxml2 -lpthread -ldl -lobjc  "
conftest.c:15:26: error: too few arguments to function call, expected 2, have 0
int t(void) { iconv_open(); return 0; }
              ~~~~~~~~~~ ^
/usr/include/iconv.h:62:1: note: 'iconv_open' declared here
iconv_t iconv_open (const char* /*tocode*/, const char* /*fromcode*/);
^
1 error generated.
checked program was:
/* begin */
 1: #include "ruby.h"
 2: 
 3: #include <iconv.h>
 4: 
 5: /*top*/
 6: extern int t(void);
 7: int main(int argc, char **argv)
 8: {
 9:   if (argc > 1000000) {
10:     printf("%p", &t);
11:   }
12: 
13:   return 0;
14: }
15: int t(void) { iconv_open(); return 0; }
/* end */

--------------------

have_library: checking for iconv_open() in -liconv... -------------------- yes

"gcc -o conftest -I/jaycarter.rvm/rubies/ruby-2.1.0/include/ruby-2.1.0/x86_64-darwin14.0 -I/jaycarter.rvm/rubies/ruby-2.1.0/include/ruby-2.1.0/ruby/backward -I/jaycarter.rvm/rubies/ruby-2.1.0/include/ruby-2.1.0 -I. -I/Volumes/MacBook_Files_HD/a_____WEB_DEV/corner-grocery/vendor/bundle/ruby/2.1.0/gems/nokogiri-1.6.1/ports/x86_64-apple-darwin14.0.0/libxml2/2.8.0/include/libxml2 -I/Volumes/MacBook_Files_HD/a_____WEB_DEV/corner-grocery/vendor/bundle/ruby/2.1.0/gems/nokogiri-1.6.1/ports/x86_64-apple-darwin14.0.0/libxml2/2.8.0/include -I/Volumes/MacBook_Files_HD/a_____WEB_DEV/corner-grocery/vendor/bundle/ruby/2.1.0/gems/nokogiri-1.6.1/ports/x86_64-apple-darwin14.0.0/libxslt/1.1.26/include  -I/usr/local/opt/libyaml/include -I/usr/local/opt/readline/include -I/usr/local/opt/libksba/include -I/usr/local/opt/openssl/include -D_XOPEN_SOURCE -D_DARWIN_C_SOURCE -D_DARWIN_UNLIMITED_SELECT -D_REENTRANT    -O3 -fno-fast-math -ggdb3 -Wall -Wextra -Wno-unused-parameter -Wno-parentheses -Wno-long-long -Wno-missing-field-initializers -Wunused-variable -Wpointer-arith -Wwrite-strings -Wdeclaration-after-statement -Wshorten-64-to-32 -Wimplicit-function-declaration -Wdivision-by-zero -Wextra-tokens  -fno-common -pipe  -g -DXP_UNIX -O3 -Wall -Wcast-qual -Wwrite-strings -Wconversion -Wmissing-noreturn -Winline -DNOKOGIRI_USE_PACKAGED_LIBRARIES -DNOKOGIRI_LIBXML2_PATH='"/Volumes/MacBook_Files_HD/a_____WEB_DEV/corner-grocery/vendor/bundle/ruby/2.1.0/gems/nokogiri-1.6.1/ports/x86_64-apple-darwin14.0.0/libxml2/2.8.0"' -DNOKOGIRI_LIBXSLT_PATH='"/Volumes/MacBook_Files_HD/a_____WEB_DEV/corner-grocery/vendor/bundle/ruby/2.1.0/gems/nokogiri-1.6.1/ports/x86_64-apple-darwin14.0.0/libxslt/1.1.26"' -I/usr/include/libxml2 -I/usr/include/libxml2 conftest.c  -L. -L/jaycarter.rvm/rubies/ruby-2.1.0/lib -L/Volumes/MacBook_Files_HD/a_____WEB_DEV/corner-grocery/vendor/bundle/ruby/2.1.0/gems/nokogiri-1.6.1/ports/x86_64-apple-darwin14.0.0/libxml2/2.8.0/lib -L/Volumes/MacBook_Files_HD/a_____WEB_DEV/corner-grocery/vendor/bundle/ruby/2.1.0/gems/nokogiri-1.6.1/ports/x86_64-apple-darwin14.0.0/libxslt/1.1.26/lib -L/usr/local/opt/libyaml/lib -L/usr/local/opt/readline/lib -L/usr/local/opt/libksba/lib -L/usr/local/opt/openssl/lib -L. -fstack-protector      -Wl,-rpath,/Volumes/MacBook_Files_HD/a_____WEB_DEV/corner-grocery/vendor/bundle/ruby/2.1.0/gems/nokogiri-1.6.1/ports/x86_64-apple-darwin14.0.0/libxml2/2.8.0/lib -Wl,-rpath,/Volumes/MacBook_Files_HD/a_____WEB_DEV/corner-grocery/vendor/bundle/ruby/2.1.0/gems/nokogiri-1.6.1/ports/x86_64-apple-darwin14.0.0/libxslt/1.1.26/lib       -lxslt -lxml2 -lz -lpthread -licucore -lm -lxml2 -lxml2 -lruby.2.1.0 -liconv  -lxslt -lxml2 -lz -lpthread -licucore -lm -lxml2 -lxml2 -lpthread -ldl -lobjc  "
checked program was:
/* begin */
 1: #include "ruby.h"
 2: 
 3: #include <iconv.h>
 4: 
 5: /*top*/
 6: extern int t(void);
 7: int main(int argc, char **argv)
 8: {
 9:   if (argc > 1000000) {
10:     printf("%p", &t);
11:   }
12: 
13:   return 0;
14: }
15: int t(void) { void ((*volatile p)()); p = (void ((*)()))iconv_open; return 0; }
/* end */

--------------------

find_library: checking for xmlParseDoc() in -lxml2... -------------------- yes

"gcc -o conftest -I/jaycarter.rvm/rubies/ruby-2.1.0/include/ruby-2.1.0/x86_64-darwin14.0 -I/jaycarter.rvm/rubies/ruby-2.1.0/include/ruby-2.1.0/ruby/backward -I/jaycarter.rvm/rubies/ruby-2.1.0/include/ruby-2.1.0 -I. -I/Volumes/MacBook_Files_HD/a_____WEB_DEV/corner-grocery/vendor/bundle/ruby/2.1.0/gems/nokogiri-1.6.1/ports/x86_64-apple-darwin14.0.0/libxml2/2.8.0/include/libxml2 -I/Volumes/MacBook_Files_HD/a_____WEB_DEV/corner-grocery/vendor/bundle/ruby/2.1.0/gems/nokogiri-1.6.1/ports/x86_64-apple-darwin14.0.0/libxml2/2.8.0/include -I/Volumes/MacBook_Files_HD/a_____WEB_DEV/corner-grocery/vendor/bundle/ruby/2.1.0/gems/nokogiri-1.6.1/ports/x86_64-apple-darwin14.0.0/libxslt/1.1.26/include  -I/usr/local/opt/libyaml/include -I/usr/local/opt/readline/include -I/usr/local/opt/libksba/include -I/usr/local/opt/openssl/include -D_XOPEN_SOURCE -D_DARWIN_C_SOURCE -D_DARWIN_UNLIMITED_SELECT -D_REENTRANT    -O3 -fno-fast-math -ggdb3 -Wall -Wextra -Wno-unused-parameter -Wno-parentheses -Wno-long-long -Wno-missing-field-initializers -Wunused-variable -Wpointer-arith -Wwrite-strings -Wdeclaration-after-statement -Wshorten-64-to-32 -Wimplicit-function-declaration -Wdivision-by-zero -Wextra-tokens  -fno-common -pipe  -g -DXP_UNIX -O3 -Wall -Wcast-qual -Wwrite-strings -Wconversion -Wmissing-noreturn -Winline -DNOKOGIRI_USE_PACKAGED_LIBRARIES -DNOKOGIRI_LIBXML2_PATH='"/Volumes/MacBook_Files_HD/a_____WEB_DEV/corner-grocery/vendor/bundle/ruby/2.1.0/gems/nokogiri-1.6.1/ports/x86_64-apple-darwin14.0.0/libxml2/2.8.0"' -DNOKOGIRI_LIBXSLT_PATH='"/Volumes/MacBook_Files_HD/a_____WEB_DEV/corner-grocery/vendor/bundle/ruby/2.1.0/gems/nokogiri-1.6.1/ports/x86_64-apple-darwin14.0.0/libxslt/1.1.26"' -I/usr/include/libxml2 -I/usr/include/libxml2 conftest.c  -L. -L/jaycarter.rvm/rubies/ruby-2.1.0/lib -L/Volumes/MacBook_Files_HD/a_____WEB_DEV/corner-grocery/vendor/bundle/ruby/2.1.0/gems/nokogiri-1.6.1/ports/x86_64-apple-darwin14.0.0/libxml2/2.8.0/lib -L/Volumes/MacBook_Files_HD/a_____WEB_DEV/corner-grocery/vendor/bundle/ruby/2.1.0/gems/nokogiri-1.6.1/ports/x86_64-apple-darwin14.0.0/libxslt/1.1.26/lib -L/usr/local/opt/libyaml/lib -L/usr/local/opt/readline/lib -L/usr/local/opt/libksba/lib -L/usr/local/opt/openssl/lib -L. -fstack-protector      -Wl,-rpath,/Volumes/MacBook_Files_HD/a_____WEB_DEV/corner-grocery/vendor/bundle/ruby/2.1.0/gems/nokogiri-1.6.1/ports/x86_64-apple-darwin14.0.0/libxml2/2.8.0/lib -Wl,-rpath,/Volumes/MacBook_Files_HD/a_____WEB_DEV/corner-grocery/vendor/bundle/ruby/2.1.0/gems/nokogiri-1.6.1/ports/x86_64-apple-darwin14.0.0/libxslt/1.1.26/lib      -liconv  -lxslt -lxml2 -lz -lpthread -licucore -lm -lxml2 -lxml2 -lruby.2.1.0 -lxml2 -liconv  -lxslt -lxml2 -lz -lpthread -licucore -lm -lxml2 -lxml2 -lpthread -ldl -lobjc  "
conftest.c:13:57: error: use of undeclared identifier 'xmlParseDoc'
int t(void) { void ((*volatile p)()); p = (void ((*)()))xmlParseDoc; return 0; }
                                                        ^
1 error generated.
checked program was:
/* begin */
 1: #include "ruby.h"
 2: 
 3: /*top*/
 4: extern int t(void);
 5: int main(int argc, char **argv)
 6: {
 7:   if (argc > 1000000) {
 8:     printf("%p", &t);
 9:   }
10: 
11:   return 0;
12: }
13: int t(void) { void ((*volatile p)()); p = (void ((*)()))xmlParseDoc; return 0; }
/* end */

"gcc -o conftest -I/jaycarter.rvm/rubies/ruby-2.1.0/include/ruby-2.1.0/x86_64-darwin14.0 -I/jaycarter.rvm/rubies/ruby-2.1.0/include/ruby-2.1.0/ruby/backward -I/jaycarter.rvm/rubies/ruby-2.1.0/include/ruby-2.1.0 -I. -I/Volumes/MacBook_Files_HD/a_____WEB_DEV/corner-grocery/vendor/bundle/ruby/2.1.0/gems/nokogiri-1.6.1/ports/x86_64-apple-darwin14.0.0/libxml2/2.8.0/include/libxml2 -I/Volumes/MacBook_Files_HD/a_____WEB_DEV/corner-grocery/vendor/bundle/ruby/2.1.0/gems/nokogiri-1.6.1/ports/x86_64-apple-darwin14.0.0/libxml2/2.8.0/include -I/Volumes/MacBook_Files_HD/a_____WEB_DEV/corner-grocery/vendor/bundle/ruby/2.1.0/gems/nokogiri-1.6.1/ports/x86_64-apple-darwin14.0.0/libxslt/1.1.26/include  -I/usr/local/opt/libyaml/include -I/usr/local/opt/readline/include -I/usr/local/opt/libksba/include -I/usr/local/opt/openssl/include -D_XOPEN_SOURCE -D_DARWIN_C_SOURCE -D_DARWIN_UNLIMITED_SELECT -D_REENTRANT    -O3 -fno-fast-math -ggdb3 -Wall -Wextra -Wno-unused-parameter -Wno-parentheses -Wno-long-long -Wno-missing-field-initializers -Wunused-variable -Wpointer-arith -Wwrite-strings -Wdeclaration-after-statement -Wshorten-64-to-32 -Wimplicit-function-declaration -Wdivision-by-zero -Wextra-tokens  -fno-common -pipe  -g -DXP_UNIX -O3 -Wall -Wcast-qual -Wwrite-strings -Wconversion -Wmissing-noreturn -Winline -DNOKOGIRI_USE_PACKAGED_LIBRARIES -DNOKOGIRI_LIBXML2_PATH='"/Volumes/MacBook_Files_HD/a_____WEB_DEV/corner-grocery/vendor/bundle/ruby/2.1.0/gems/nokogiri-1.6.1/ports/x86_64-apple-darwin14.0.0/libxml2/2.8.0"' -DNOKOGIRI_LIBXSLT_PATH='"/Volumes/MacBook_Files_HD/a_____WEB_DEV/corner-grocery/vendor/bundle/ruby/2.1.0/gems/nokogiri-1.6.1/ports/x86_64-apple-darwin14.0.0/libxslt/1.1.26"' -I/usr/include/libxml2 -I/usr/include/libxml2 conftest.c  -L. -L/jaycarter.rvm/rubies/ruby-2.1.0/lib -L/Volumes/MacBook_Files_HD/a_____WEB_DEV/corner-grocery/vendor/bundle/ruby/2.1.0/gems/nokogiri-1.6.1/ports/x86_64-apple-darwin14.0.0/libxml2/2.8.0/lib -L/Volumes/MacBook_Files_HD/a_____WEB_DEV/corner-grocery/vendor/bundle/ruby/2.1.0/gems/nokogiri-1.6.1/ports/x86_64-apple-darwin14.0.0/libxslt/1.1.26/lib -L/usr/local/opt/libyaml/lib -L/usr/local/opt/readline/lib -L/usr/local/opt/libksba/lib -L/usr/local/opt/openssl/lib -L. -fstack-protector      -Wl,-rpath,/Volumes/MacBook_Files_HD/a_____WEB_DEV/corner-grocery/vendor/bundle/ruby/2.1.0/gems/nokogiri-1.6.1/ports/x86_64-apple-darwin14.0.0/libxml2/2.8.0/lib -Wl,-rpath,/Volumes/MacBook_Files_HD/a_____WEB_DEV/corner-grocery/vendor/bundle/ruby/2.1.0/gems/nokogiri-1.6.1/ports/x86_64-apple-darwin14.0.0/libxslt/1.1.26/lib      -liconv  -lxslt -lxml2 -lz -lpthread -licucore -lm -lxml2 -lxml2 -lruby.2.1.0 -lxml2 -liconv  -lxslt -lxml2 -lz -lpthread -licucore -lm -lxml2 -lxml2 -lpthread -ldl -lobjc  "
conftest.c:13:15: warning: implicit declaration of function 'xmlParseDoc' is invalid in C99 [-Wimplicit-function-declaration]
int t(void) { xmlParseDoc(); return 0; }
              ^
1 warning generated.
checked program was:
/* begin */
 1: #include "ruby.h"
 2: 
 3: /*top*/
 4: extern int t(void);
 5: int main(int argc, char **argv)
 6: {
 7:   if (argc > 1000000) {
 8:     printf("%p", &t);
 9:   }
10: 
11:   return 0;
12: }
13: int t(void) { xmlParseDoc(); return 0; }
/* end */

--------------------

find_library: checking for xsltParseStylesheetDoc() in -lxslt... -------------------- yes

"gcc -o conftest -I/jaycarter.rvm/rubies/ruby-2.1.0/include/ruby-2.1.0/x86_64-darwin14.0 -I/jaycarter.rvm/rubies/ruby-2.1.0/include/ruby-2.1.0/ruby/backward -I/jaycarter.rvm/rubies/ruby-2.1.0/include/ruby-2.1.0 -I. -I/Volumes/MacBook_Files_HD/a_____WEB_DEV/corner-grocery/vendor/bundle/ruby/2.1.0/gems/nokogiri-1.6.1/ports/x86_64-apple-darwin14.0.0/libxml2/2.8.0/include/libxml2 -I/Volumes/MacBook_Files_HD/a_____WEB_DEV/corner-grocery/vendor/bundle/ruby/2.1.0/gems/nokogiri-1.6.1/ports/x86_64-apple-darwin14.0.0/libxml2/2.8.0/include -I/Volumes/MacBook_Files_HD/a_____WEB_DEV/corner-grocery/vendor/bundle/ruby/2.1.0/gems/nokogiri-1.6.1/ports/x86_64-apple-darwin14.0.0/libxslt/1.1.26/include  -I/usr/local/opt/libyaml/include -I/usr/local/opt/readline/include -I/usr/local/opt/libksba/include -I/usr/local/opt/openssl/include -D_XOPEN_SOURCE -D_DARWIN_C_SOURCE -D_DARWIN_UNLIMITED_SELECT -D_REENTRANT    -O3 -fno-fast-math -ggdb3 -Wall -Wextra -Wno-unused-parameter -Wno-parentheses -Wno-long-long -Wno-missing-field-initializers -Wunused-variable -Wpointer-arith -Wwrite-strings -Wdeclaration-after-statement -Wshorten-64-to-32 -Wimplicit-function-declaration -Wdivision-by-zero -Wextra-tokens  -fno-common -pipe  -g -DXP_UNIX -O3 -Wall -Wcast-qual -Wwrite-strings -Wconversion -Wmissing-noreturn -Winline -DNOKOGIRI_USE_PACKAGED_LIBRARIES -DNOKOGIRI_LIBXML2_PATH='"/Volumes/MacBook_Files_HD/a_____WEB_DEV/corner-grocery/vendor/bundle/ruby/2.1.0/gems/nokogiri-1.6.1/ports/x86_64-apple-darwin14.0.0/libxml2/2.8.0"' -DNOKOGIRI_LIBXSLT_PATH='"/Volumes/MacBook_Files_HD/a_____WEB_DEV/corner-grocery/vendor/bundle/ruby/2.1.0/gems/nokogiri-1.6.1/ports/x86_64-apple-darwin14.0.0/libxslt/1.1.26"' -I/usr/include/libxml2 -I/usr/include/libxml2 conftest.c  -L. -L/jaycarter.rvm/rubies/ruby-2.1.0/lib -L/Volumes/MacBook_Files_HD/a_____WEB_DEV/corner-grocery/vendor/bundle/ruby/2.1.0/gems/nokogiri-1.6.1/ports/x86_64-apple-darwin14.0.0/libxml2/2.8.0/lib -L/Volumes/MacBook_Files_HD/a_____WEB_DEV/corner-grocery/vendor/bundle/ruby/2.1.0/gems/nokogiri-1.6.1/ports/x86_64-apple-darwin14.0.0/libxslt/1.1.26/lib -L/usr/local/opt/libyaml/lib -L/usr/local/opt/readline/lib -L/usr/local/opt/libksba/lib -L/usr/local/opt/openssl/lib -L. -fstack-protector      -Wl,-rpath,/Volumes/MacBook_Files_HD/a_____WEB_DEV/corner-grocery/vendor/bundle/ruby/2.1.0/gems/nokogiri-1.6.1/ports/x86_64-apple-darwin14.0.0/libxml2/2.8.0/lib -Wl,-rpath,/Volumes/MacBook_Files_HD/a_____WEB_DEV/corner-grocery/vendor/bundle/ruby/2.1.0/gems/nokogiri-1.6.1/ports/x86_64-apple-darwin14.0.0/libxslt/1.1.26/lib      -lxml2 -liconv  -lxslt -lxml2 -lz -lpthread -licucore -lm -lxml2 -lxml2 -lruby.2.1.0 -lxslt -lxml2 -liconv  -lxslt -lxml2 -lz -lpthread -licucore -lm -lxml2 -lxml2 -lpthread -ldl -lobjc  "
conftest.c:13:57: error: use of undeclared identifier 'xsltParseStylesheetDoc'
int t(void) { void ((*volatile p)()); p = (void ((*)()))xsltParseStylesheetDoc; return 0; }
                                                        ^
1 error generated.
checked program was:
/* begin */
 1: #include "ruby.h"
 2: 
 3: /*top*/
 4: extern int t(void);
 5: int main(int argc, char **argv)
 6: {
 7:   if (argc > 1000000) {
 8:     printf("%p", &t);
 9:   }
10: 
11:   return 0;
12: }
13: int t(void) { void ((*volatile p)()); p = (void ((*)()))xsltParseStylesheetDoc; return 0; }
/* end */

"gcc -o conftest -I/jaycarter.rvm/rubies/ruby-2.1.0/include/ruby-2.1.0/x86_64-darwin14.0 -I/jaycarter.rvm/rubies/ruby-2.1.0/include/ruby-2.1.0/ruby/backward -I/jaycarter.rvm/rubies/ruby-2.1.0/include/ruby-2.1.0 -I. -I/Volumes/MacBook_Files_HD/a_____WEB_DEV/corner-grocery/vendor/bundle/ruby/2.1.0/gems/nokogiri-1.6.1/ports/x86_64-apple-darwin14.0.0/libxml2/2.8.0/include/libxml2 -I/Volumes/MacBook_Files_HD/a_____WEB_DEV/corner-grocery/vendor/bundle/ruby/2.1.0/gems/nokogiri-1.6.1/ports/x86_64-apple-darwin14.0.0/libxml2/2.8.0/include -I/Volumes/MacBook_Files_HD/a_____WEB_DEV/corner-grocery/vendor/bundle/ruby/2.1.0/gems/nokogiri-1.6.1/ports/x86_64-apple-darwin14.0.0/libxslt/1.1.26/include  -I/usr/local/opt/libyaml/include -I/usr/local/opt/readline/include -I/usr/local/opt/libksba/include -I/usr/local/opt/openssl/include -D_XOPEN_SOURCE -D_DARWIN_C_SOURCE -D_DARWIN_UNLIMITED_SELECT -D_REENTRANT    -O3 -fno-fast-math -ggdb3 -Wall -Wextra -Wno-unused-parameter -Wno-parentheses -Wno-long-long -Wno-missing-field-initializers -Wunused-variable -Wpointer-arith -Wwrite-strings -Wdeclaration-after-statement -Wshorten-64-to-32 -Wimplicit-function-declaration -Wdivision-by-zero -Wextra-tokens  -fno-common -pipe  -g -DXP_UNIX -O3 -Wall -Wcast-qual -Wwrite-strings -Wconversion -Wmissing-noreturn -Winline -DNOKOGIRI_USE_PACKAGED_LIBRARIES -DNOKOGIRI_LIBXML2_PATH='"/Volumes/MacBook_Files_HD/a_____WEB_DEV/corner-grocery/vendor/bundle/ruby/2.1.0/gems/nokogiri-1.6.1/ports/x86_64-apple-darwin14.0.0/libxml2/2.8.0"' -DNOKOGIRI_LIBXSLT_PATH='"/Volumes/MacBook_Files_HD/a_____WEB_DEV/corner-grocery/vendor/bundle/ruby/2.1.0/gems/nokogiri-1.6.1/ports/x86_64-apple-darwin14.0.0/libxslt/1.1.26"' -I/usr/include/libxml2 -I/usr/include/libxml2 conftest.c  -L. -L/jaycarter.rvm/rubies/ruby-2.1.0/lib -L/Volumes/MacBook_Files_HD/a_____WEB_DEV/corner-grocery/vendor/bundle/ruby/2.1.0/gems/nokogiri-1.6.1/ports/x86_64-apple-darwin14.0.0/libxml2/2.8.0/lib -L/Volumes/MacBook_Files_HD/a_____WEB_DEV/corner-grocery/vendor/bundle/ruby/2.1.0/gems/nokogiri-1.6.1/ports/x86_64-apple-darwin14.0.0/libxslt/1.1.26/lib -L/usr/local/opt/libyaml/lib -L/usr/local/opt/readline/lib -L/usr/local/opt/libksba/lib -L/usr/local/opt/openssl/lib -L. -fstack-protector      -Wl,-rpath,/Volumes/MacBook_Files_HD/a_____WEB_DEV/corner-grocery/vendor/bundle/ruby/2.1.0/gems/nokogiri-1.6.1/ports/x86_64-apple-darwin14.0.0/libxml2/2.8.0/lib -Wl,-rpath,/Volumes/MacBook_Files_HD/a_____WEB_DEV/corner-grocery/vendor/bundle/ruby/2.1.0/gems/nokogiri-1.6.1/ports/x86_64-apple-darwin14.0.0/libxslt/1.1.26/lib      -lxml2 -liconv  -lxslt -lxml2 -lz -lpthread -licucore -lm -lxml2 -lxml2 -lruby.2.1.0 -lxslt -lxml2 -liconv  -lxslt -lxml2 -lz -lpthread -licucore -lm -lxml2 -lxml2 -lpthread -ldl -lobjc  "
conftest.c:13:15: warning: implicit declaration of function 'xsltParseStylesheetDoc' is invalid in C99 [-Wimplicit-function-declaration]
int t(void) { xsltParseStylesheetDoc(); return 0; }
              ^
1 warning generated.
checked program was:
/* begin */
 1: #include "ruby.h"
 2: 
 3: /*top*/
 4: extern int t(void);
 5: int main(int argc, char **argv)
 6: {
 7:   if (argc > 1000000) {
 8:     printf("%p", &t);
 9:   }
10: 
11:   return 0;
12: }
13: int t(void) { xsltParseStylesheetDoc(); return 0; }
/* end */

--------------------

find_library: checking for exsltFuncRegister() in -lexslt... -------------------- yes

"gcc -o conftest -I/jaycarter.rvm/rubies/ruby-2.1.0/include/ruby-2.1.0/x86_64-darwin14.0 -I/jaycarter.rvm/rubies/ruby-2.1.0/include/ruby-2.1.0/ruby/backward -I/jaycarter.rvm/rubies/ruby-2.1.0/include/ruby-2.1.0 -I. -I/Volumes/MacBook_Files_HD/a_____WEB_DEV/corner-grocery/vendor/bundle/ruby/2.1.0/gems/nokogiri-1.6.1/ports/x86_64-apple-darwin14.0.0/libxml2/2.8.0/include/libxml2 -I/Volumes/MacBook_Files_HD/a_____WEB_DEV/corner-grocery/vendor/bundle/ruby/2.1.0/gems/nokogiri-1.6.1/ports/x86_64-apple-darwin14.0.0/libxml2/2.8.0/include -I/Volumes/MacBook_Files_HD/a_____WEB_DEV/corner-grocery/vendor/bundle/ruby/2.1.0/gems/nokogiri-1.6.1/ports/x86_64-apple-darwin14.0.0/libxslt/1.1.26/include  -I/usr/local/opt/libyaml/include -I/usr/local/opt/readline/include -I/usr/local/opt/libksba/include -I/usr/local/opt/openssl/include -D_XOPEN_SOURCE -D_DARWIN_C_SOURCE -D_DARWIN_UNLIMITED_SELECT -D_REENTRANT    -O3 -fno-fast-math -ggdb3 -Wall -Wextra -Wno-unused-parameter -Wno-parentheses -Wno-long-long -Wno-missing-field-initializers -Wunused-variable -Wpointer-arith -Wwrite-strings -Wdeclaration-after-statement -Wshorten-64-to-32 -Wimplicit-function-declaration -Wdivision-by-zero -Wextra-tokens  -fno-common -pipe  -g -DXP_UNIX -O3 -Wall -Wcast-qual -Wwrite-strings -Wconversion -Wmissing-noreturn -Winline -DNOKOGIRI_USE_PACKAGED_LIBRARIES -DNOKOGIRI_LIBXML2_PATH='"/Volumes/MacBook_Files_HD/a_____WEB_DEV/corner-grocery/vendor/bundle/ruby/2.1.0/gems/nokogiri-1.6.1/ports/x86_64-apple-darwin14.0.0/libxml2/2.8.0"' -DNOKOGIRI_LIBXSLT_PATH='"/Volumes/MacBook_Files_HD/a_____WEB_DEV/corner-grocery/vendor/bundle/ruby/2.1.0/gems/nokogiri-1.6.1/ports/x86_64-apple-darwin14.0.0/libxslt/1.1.26"' -I/usr/include/libxml2 -I/usr/include/libxml2 conftest.c  -L. -L/jaycarter.rvm/rubies/ruby-2.1.0/lib -L/Volumes/MacBook_Files_HD/a_____WEB_DEV/corner-grocery/vendor/bundle/ruby/2.1.0/gems/nokogiri-1.6.1/ports/x86_64-apple-darwin14.0.0/libxml2/2.8.0/lib -L/Volumes/MacBook_Files_HD/a_____WEB_DEV/corner-grocery/vendor/bundle/ruby/2.1.0/gems/nokogiri-1.6.1/ports/x86_64-apple-darwin14.0.0/libxslt/1.1.26/lib -L/usr/local/opt/libyaml/lib -L/usr/local/opt/readline/lib -L/usr/local/opt/libksba/lib -L/usr/local/opt/openssl/lib -L. -fstack-protector      -Wl,-rpath,/Volumes/MacBook_Files_HD/a_____WEB_DEV/corner-grocery/vendor/bundle/ruby/2.1.0/gems/nokogiri-1.6.1/ports/x86_64-apple-darwin14.0.0/libxml2/2.8.0/lib -Wl,-rpath,/Volumes/MacBook_Files_HD/a_____WEB_DEV/corner-grocery/vendor/bundle/ruby/2.1.0/gems/nokogiri-1.6.1/ports/x86_64-apple-darwin14.0.0/libxslt/1.1.26/lib      -lxslt -lxml2 -liconv  -lxslt -lxml2 -lz -lpthread -licucore -lm -lxml2 -lxml2 -lruby.2.1.0 -lexslt -lxslt -lxml2 -liconv  -lxslt -lxml2 -lz -lpthread -licucore -lm -lxml2 -lxml2 -lpthread -ldl -lobjc  "
conftest.c:13:57: error: use of undeclared identifier 'exsltFuncRegister'
int t(void) { void ((*volatile p)()); p = (void ((*)()))exsltFuncRegister; return 0; }
                                                        ^
1 error generated.
checked program was:
/* begin */
 1: #include "ruby.h"
 2: 
 3: /*top*/
 4: extern int t(void);
 5: int main(int argc, char **argv)
 6: {
 7:   if (argc > 1000000) {
 8:     printf("%p", &t);
 9:   }
10: 
11:   return 0;
12: }
13: int t(void) { void ((*volatile p)()); p = (void ((*)()))exsltFuncRegister; return 0; }
/* end */

"gcc -o conftest -I/jaycarter.rvm/rubies/ruby-2.1.0/include/ruby-2.1.0/x86_64-darwin14.0 -I/jaycarter.rvm/rubies/ruby-2.1.0/include/ruby-2.1.0/ruby/backward -I/jaycarter.rvm/rubies/ruby-2.1.0/include/ruby-2.1.0 -I. -I/Volumes/MacBook_Files_HD/a_____WEB_DEV/corner-grocery/vendor/bundle/ruby/2.1.0/gems/nokogiri-1.6.1/ports/x86_64-apple-darwin14.0.0/libxml2/2.8.0/include/libxml2 -I/Volumes/MacBook_Files_HD/a_____WEB_DEV/corner-grocery/vendor/bundle/ruby/2.1.0/gems/nokogiri-1.6.1/ports/x86_64-apple-darwin14.0.0/libxml2/2.8.0/include -I/Volumes/MacBook_Files_HD/a_____WEB_DEV/corner-grocery/vendor/bundle/ruby/2.1.0/gems/nokogiri-1.6.1/ports/x86_64-apple-darwin14.0.0/libxslt/1.1.26/include  -I/usr/local/opt/libyaml/include -I/usr/local/opt/readline/include -I/usr/local/opt/libksba/include -I/usr/local/opt/openssl/include -D_XOPEN_SOURCE -D_DARWIN_C_SOURCE -D_DARWIN_UNLIMITED_SELECT -D_REENTRANT    -O3 -fno-fast-math -ggdb3 -Wall -Wextra -Wno-unused-parameter -Wno-parentheses -Wno-long-long -Wno-missing-field-initializers -Wunused-variable -Wpointer-arith -Wwrite-strings -Wdeclaration-after-statement -Wshorten-64-to-32 -Wimplicit-function-declaration -Wdivision-by-zero -Wextra-tokens  -fno-common -pipe  -g -DXP_UNIX -O3 -Wall -Wcast-qual -Wwrite-strings -Wconversion -Wmissing-noreturn -Winline -DNOKOGIRI_USE_PACKAGED_LIBRARIES -DNOKOGIRI_LIBXML2_PATH='"/Volumes/MacBook_Files_HD/a_____WEB_DEV/corner-grocery/vendor/bundle/ruby/2.1.0/gems/nokogiri-1.6.1/ports/x86_64-apple-darwin14.0.0/libxml2/2.8.0"' -DNOKOGIRI_LIBXSLT_PATH='"/Volumes/MacBook_Files_HD/a_____WEB_DEV/corner-grocery/vendor/bundle/ruby/2.1.0/gems/nokogiri-1.6.1/ports/x86_64-apple-darwin14.0.0/libxslt/1.1.26"' -I/usr/include/libxml2 -I/usr/include/libxml2 conftest.c  -L. -L/jaycarter.rvm/rubies/ruby-2.1.0/lib -L/Volumes/MacBook_Files_HD/a_____WEB_DEV/corner-grocery/vendor/bundle/ruby/2.1.0/gems/nokogiri-1.6.1/ports/x86_64-apple-darwin14.0.0/libxml2/2.8.0/lib -L/Volumes/MacBook_Files_HD/a_____WEB_DEV/corner-grocery/vendor/bundle/ruby/2.1.0/gems/nokogiri-1.6.1/ports/x86_64-apple-darwin14.0.0/libxslt/1.1.26/lib -L/usr/local/opt/libyaml/lib -L/usr/local/opt/readline/lib -L/usr/local/opt/libksba/lib -L/usr/local/opt/openssl/lib -L. -fstack-protector      -Wl,-rpath,/Volumes/MacBook_Files_HD/a_____WEB_DEV/corner-grocery/vendor/bundle/ruby/2.1.0/gems/nokogiri-1.6.1/ports/x86_64-apple-darwin14.0.0/libxml2/2.8.0/lib -Wl,-rpath,/Volumes/MacBook_Files_HD/a_____WEB_DEV/corner-grocery/vendor/bundle/ruby/2.1.0/gems/nokogiri-1.6.1/ports/x86_64-apple-darwin14.0.0/libxslt/1.1.26/lib      -lxslt -lxml2 -liconv  -lxslt -lxml2 -lz -lpthread -licucore -lm -lxml2 -lxml2 -lruby.2.1.0 -lexslt -lxslt -lxml2 -liconv  -lxslt -lxml2 -lz -lpthread -licucore -lm -lxml2 -lxml2 -lpthread -ldl -lobjc  "
conftest.c:13:15: warning: implicit declaration of function 'exsltFuncRegister' is invalid in C99 [-Wimplicit-function-declaration]
int t(void) { exsltFuncRegister(); return 0; }
              ^
1 warning generated.
checked program was:
/* begin */
 1: #include "ruby.h"
 2: 
 3: /*top*/
 4: extern int t(void);
 5: int main(int argc, char **argv)
 6: {
 7:   if (argc > 1000000) {
 8:     printf("%p", &t);
 9:   }
10: 
11:   return 0;
12: }
13: int t(void) { exsltFuncRegister(); return 0; }
/* end */

--------------------

have_func: checking for xmlHasFeature()... -------------------- yes

"gcc -o conftest -I/jaycarter.rvm/rubies/ruby-2.1.0/include/ruby-2.1.0/x86_64-darwin14.0 -I/jaycarter.rvm/rubies/ruby-2.1.0/include/ruby-2.1.0/ruby/backward -I/jaycarter.rvm/rubies/ruby-2.1.0/include/ruby-2.1.0 -I. -I/Volumes/MacBook_Files_HD/a_____WEB_DEV/corner-grocery/vendor/bundle/ruby/2.1.0/gems/nokogiri-1.6.1/ports/x86_64-apple-darwin14.0.0/libxml2/2.8.0/include/libxml2 -I/Volumes/MacBook_Files_HD/a_____WEB_DEV/corner-grocery/vendor/bundle/ruby/2.1.0/gems/nokogiri-1.6.1/ports/x86_64-apple-darwin14.0.0/libxml2/2.8.0/include -I/Volumes/MacBook_Files_HD/a_____WEB_DEV/corner-grocery/vendor/bundle/ruby/2.1.0/gems/nokogiri-1.6.1/ports/x86_64-apple-darwin14.0.0/libxslt/1.1.26/include  -I/usr/local/opt/libyaml/include -I/usr/local/opt/readline/include -I/usr/local/opt/libksba/include -I/usr/local/opt/openssl/include -D_XOPEN_SOURCE -D_DARWIN_C_SOURCE -D_DARWIN_UNLIMITED_SELECT -D_REENTRANT    -O3 -fno-fast-math -ggdb3 -Wall -Wextra -Wno-unused-parameter -Wno-parentheses -Wno-long-long -Wno-missing-field-initializers -Wunused-variable -Wpointer-arith -Wwrite-strings -Wdeclaration-after-statement -Wshorten-64-to-32 -Wimplicit-function-declaration -Wdivision-by-zero -Wextra-tokens  -fno-common -pipe  -g -DXP_UNIX -O3 -Wall -Wcast-qual -Wwrite-strings -Wconversion -Wmissing-noreturn -Winline -DNOKOGIRI_USE_PACKAGED_LIBRARIES -DNOKOGIRI_LIBXML2_PATH='"/Volumes/MacBook_Files_HD/a_____WEB_DEV/corner-grocery/vendor/bundle/ruby/2.1.0/gems/nokogiri-1.6.1/ports/x86_64-apple-darwin14.0.0/libxml2/2.8.0"' -DNOKOGIRI_LIBXSLT_PATH='"/Volumes/MacBook_Files_HD/a_____WEB_DEV/corner-grocery/vendor/bundle/ruby/2.1.0/gems/nokogiri-1.6.1/ports/x86_64-apple-darwin14.0.0/libxslt/1.1.26"' -I/usr/include/libxml2 -I/usr/include/libxml2 conftest.c  -L. -L/jaycarter.rvm/rubies/ruby-2.1.0/lib -L/Volumes/MacBook_Files_HD/a_____WEB_DEV/corner-grocery/vendor/bundle/ruby/2.1.0/gems/nokogiri-1.6.1/ports/x86_64-apple-darwin14.0.0/libxml2/2.8.0/lib -L/Volumes/MacBook_Files_HD/a_____WEB_DEV/corner-grocery/vendor/bundle/ruby/2.1.0/gems/nokogiri-1.6.1/ports/x86_64-apple-darwin14.0.0/libxslt/1.1.26/lib -L/usr/local/opt/libyaml/lib -L/usr/local/opt/readline/lib -L/usr/local/opt/libksba/lib -L/usr/local/opt/openssl/lib -L. -fstack-protector      -Wl,-rpath,/Volumes/MacBook_Files_HD/a_____WEB_DEV/corner-grocery/vendor/bundle/ruby/2.1.0/gems/nokogiri-1.6.1/ports/x86_64-apple-darwin14.0.0/libxml2/2.8.0/lib -Wl,-rpath,/Volumes/MacBook_Files_HD/a_____WEB_DEV/corner-grocery/vendor/bundle/ruby/2.1.0/gems/nokogiri-1.6.1/ports/x86_64-apple-darwin14.0.0/libxslt/1.1.26/lib      -lexslt -lxslt -lxml2 -liconv  -lxslt -lxml2 -lz -lpthread -licucore -lm -lxml2 -lxml2 -lruby.2.1.0 -lexslt -lxslt -lxml2 -liconv  -lxslt -lxml2 -lz -lpthread -licucore -lm -lxml2 -lxml2 -lpthread -ldl -lobjc  "
conftest.c:13:57: error: use of undeclared identifier 'xmlHasFeature'
int t(void) { void ((*volatile p)()); p = (void ((*)()))xmlHasFeature; return 0; }
                                                        ^
1 error generated.
checked program was:
/* begin */
 1: #include "ruby.h"
 2: 
 3: /*top*/
 4: extern int t(void);
 5: int main(int argc, char **argv)
 6: {
 7:   if (argc > 1000000) {
 8:     printf("%p", &t);
 9:   }
10: 
11:   return 0;
12: }
13: int t(void) { void ((*volatile p)()); p = (void ((*)()))xmlHasFeature; return 0; }
/* end */

"gcc -o conftest -I/jaycarter.rvm/rubies/ruby-2.1.0/include/ruby-2.1.0/x86_64-darwin14.0 -I/jaycarter.rvm/rubies/ruby-2.1.0/include/ruby-2.1.0/ruby/backward -I/jaycarter.rvm/rubies/ruby-2.1.0/include/ruby-2.1.0 -I. -I/Volumes/MacBook_Files_HD/a_____WEB_DEV/corner-grocery/vendor/bundle/ruby/2.1.0/gems/nokogiri-1.6.1/ports/x86_64-apple-darwin14.0.0/libxml2/2.8.0/include/libxml2 -I/Volumes/MacBook_Files_HD/a_____WEB_DEV/corner-grocery/vendor/bundle/ruby/2.1.0/gems/nokogiri-1.6.1/ports/x86_64-apple-darwin14.0.0/libxml2/2.8.0/include -I/Volumes/MacBook_Files_HD/a_____WEB_DEV/corner-grocery/vendor/bundle/ruby/2.1.0/gems/nokogiri-1.6.1/ports/x86_64-apple-darwin14.0.0/libxslt/1.1.26/include  -I/usr/local/opt/libyaml/include -I/usr/local/opt/readline/include -I/usr/local/opt/libksba/include -I/usr/local/opt/openssl/include -D_XOPEN_SOURCE -D_DARWIN_C_SOURCE -D_DARWIN_UNLIMITED_SELECT -D_REENTRANT    -O3 -fno-fast-math -ggdb3 -Wall -Wextra -Wno-unused-parameter -Wno-parentheses -Wno-long-long -Wno-missing-field-initializers -Wunused-variable -Wpointer-arith -Wwrite-strings -Wdeclaration-after-statement -Wshorten-64-to-32 -Wimplicit-function-declaration -Wdivision-by-zero -Wextra-tokens  -fno-common -pipe  -g -DXP_UNIX -O3 -Wall -Wcast-qual -Wwrite-strings -Wconversion -Wmissing-noreturn -Winline -DNOKOGIRI_USE_PACKAGED_LIBRARIES -DNOKOGIRI_LIBXML2_PATH='"/Volumes/MacBook_Files_HD/a_____WEB_DEV/corner-grocery/vendor/bundle/ruby/2.1.0/gems/nokogiri-1.6.1/ports/x86_64-apple-darwin14.0.0/libxml2/2.8.0"' -DNOKOGIRI_LIBXSLT_PATH='"/Volumes/MacBook_Files_HD/a_____WEB_DEV/corner-grocery/vendor/bundle/ruby/2.1.0/gems/nokogiri-1.6.1/ports/x86_64-apple-darwin14.0.0/libxslt/1.1.26"' -I/usr/include/libxml2 -I/usr/include/libxml2 conftest.c  -L. -L/jaycarter.rvm/rubies/ruby-2.1.0/lib -L/Volumes/MacBook_Files_HD/a_____WEB_DEV/corner-grocery/vendor/bundle/ruby/2.1.0/gems/nokogiri-1.6.1/ports/x86_64-apple-darwin14.0.0/libxml2/2.8.0/lib -L/Volumes/MacBook_Files_HD/a_____WEB_DEV/corner-grocery/vendor/bundle/ruby/2.1.0/gems/nokogiri-1.6.1/ports/x86_64-apple-darwin14.0.0/libxslt/1.1.26/lib -L/usr/local/opt/libyaml/lib -L/usr/local/opt/readline/lib -L/usr/local/opt/libksba/lib -L/usr/local/opt/openssl/lib -L. -fstack-protector      -Wl,-rpath,/Volumes/MacBook_Files_HD/a_____WEB_DEV/corner-grocery/vendor/bundle/ruby/2.1.0/gems/nokogiri-1.6.1/ports/x86_64-apple-darwin14.0.0/libxml2/2.8.0/lib -Wl,-rpath,/Volumes/MacBook_Files_HD/a_____WEB_DEV/corner-grocery/vendor/bundle/ruby/2.1.0/gems/nokogiri-1.6.1/ports/x86_64-apple-darwin14.0.0/libxslt/1.1.26/lib      -lexslt -lxslt -lxml2 -liconv  -lxslt -lxml2 -lz -lpthread -licucore -lm -lxml2 -lxml2 -lruby.2.1.0 -lexslt -lxslt -lxml2 -liconv  -lxslt -lxml2 -lz -lpthread -licucore -lm -lxml2 -lxml2 -lpthread -ldl -lobjc  "
conftest.c:13:15: warning: implicit declaration of function 'xmlHasFeature' is invalid in C99 [-Wimplicit-function-declaration]
int t(void) { xmlHasFeature(); return 0; }
              ^
1 warning generated.
checked program was:
/* begin */
 1: #include "ruby.h"
 2: 
 3: /*top*/
 4: extern int t(void);
 5: int main(int argc, char **argv)
 6: {
 7:   if (argc > 1000000) {
 8:     printf("%p", &t);
 9:   }
10: 
11:   return 0;
12: }
13: int t(void) { xmlHasFeature(); return 0; }
/* end */

--------------------

have_func: checking for xmlFirstElementChild()... -------------------- yes

"gcc -o conftest -I/jaycarter.rvm/rubies/ruby-2.1.0/include/ruby-2.1.0/x86_64-darwin14.0 -I/jaycarter.rvm/rubies/ruby-2.1.0/include/ruby-2.1.0/ruby/backward -I/jaycarter.rvm/rubies/ruby-2.1.0/include/ruby-2.1.0 -I. -I/Volumes/MacBook_Files_HD/a_____WEB_DEV/corner-grocery/vendor/bundle/ruby/2.1.0/gems/nokogiri-1.6.1/ports/x86_64-apple-darwin14.0.0/libxml2/2.8.0/include/libxml2 -I/Volumes/MacBook_Files_HD/a_____WEB_DEV/corner-grocery/vendor/bundle/ruby/2.1.0/gems/nokogiri-1.6.1/ports/x86_64-apple-darwin14.0.0/libxml2/2.8.0/include -I/Volumes/MacBook_Files_HD/a_____WEB_DEV/corner-grocery/vendor/bundle/ruby/2.1.0/gems/nokogiri-1.6.1/ports/x86_64-apple-darwin14.0.0/libxslt/1.1.26/include  -I/usr/local/opt/libyaml/include -I/usr/local/opt/readline/include -I/usr/local/opt/libksba/include -I/usr/local/opt/openssl/include -D_XOPEN_SOURCE -D_DARWIN_C_SOURCE -D_DARWIN_UNLIMITED_SELECT -D_REENTRANT    -O3 -fno-fast-math -ggdb3 -Wall -Wextra -Wno-unused-parameter -Wno-parentheses -Wno-long-long -Wno-missing-field-initializers -Wunused-variable -Wpointer-arith -Wwrite-strings -Wdeclaration-after-statement -Wshorten-64-to-32 -Wimplicit-function-declaration -Wdivision-by-zero -Wextra-tokens  -fno-common -pipe  -g -DXP_UNIX -O3 -Wall -Wcast-qual -Wwrite-strings -Wconversion -Wmissing-noreturn -Winline -DNOKOGIRI_USE_PACKAGED_LIBRARIES -DNOKOGIRI_LIBXML2_PATH='"/Volumes/MacBook_Files_HD/a_____WEB_DEV/corner-grocery/vendor/bundle/ruby/2.1.0/gems/nokogiri-1.6.1/ports/x86_64-apple-darwin14.0.0/libxml2/2.8.0"' -DNOKOGIRI_LIBXSLT_PATH='"/Volumes/MacBook_Files_HD/a_____WEB_DEV/corner-grocery/vendor/bundle/ruby/2.1.0/gems/nokogiri-1.6.1/ports/x86_64-apple-darwin14.0.0/libxslt/1.1.26"' -I/usr/include/libxml2 -I/usr/include/libxml2 conftest.c  -L. -L/jaycarter.rvm/rubies/ruby-2.1.0/lib -L/Volumes/MacBook_Files_HD/a_____WEB_DEV/corner-grocery/vendor/bundle/ruby/2.1.0/gems/nokogiri-1.6.1/ports/x86_64-apple-darwin14.0.0/libxml2/2.8.0/lib -L/Volumes/MacBook_Files_HD/a_____WEB_DEV/corner-grocery/vendor/bundle/ruby/2.1.0/gems/nokogiri-1.6.1/ports/x86_64-apple-darwin14.0.0/libxslt/1.1.26/lib -L/usr/local/opt/libyaml/lib -L/usr/local/opt/readline/lib -L/usr/local/opt/libksba/lib -L/usr/local/opt/openssl/lib -L. -fstack-protector      -Wl,-rpath,/Volumes/MacBook_Files_HD/a_____WEB_DEV/corner-grocery/vendor/bundle/ruby/2.1.0/gems/nokogiri-1.6.1/ports/x86_64-apple-darwin14.0.0/libxml2/2.8.0/lib -Wl,-rpath,/Volumes/MacBook_Files_HD/a_____WEB_DEV/corner-grocery/vendor/bundle/ruby/2.1.0/gems/nokogiri-1.6.1/ports/x86_64-apple-darwin14.0.0/libxslt/1.1.26/lib      -lexslt -lxslt -lxml2 -liconv  -lxslt -lxml2 -lz -lpthread -licucore -lm -lxml2 -lxml2 -lruby.2.1.0 -lexslt -lxslt -lxml2 -liconv  -lxslt -lxml2 -lz -lpthread -licucore -lm -lxml2 -lxml2 -lpthread -ldl -lobjc  "
conftest.c:13:57: error: use of undeclared identifier 'xmlFirstElementChild'
int t(void) { void ((*volatile p)()); p = (void ((*)()))xmlFirstElementChild; return 0; }
                                                        ^
1 error generated.
checked program was:
/* begin */
 1: #include "ruby.h"
 2: 
 3: /*top*/
 4: extern int t(void);
 5: int main(int argc, char **argv)
 6: {
 7:   if (argc > 1000000) {
 8:     printf("%p", &t);
 9:   }
10: 
11:   return 0;
12: }
13: int t(void) { void ((*volatile p)()); p = (void ((*)()))xmlFirstElementChild; return 0; }
/* end */

"gcc -o conftest -I/jaycarter.rvm/rubies/ruby-2.1.0/include/ruby-2.1.0/x86_64-darwin14.0 -I/jaycarter.rvm/rubies/ruby-2.1.0/include/ruby-2.1.0/ruby/backward -I/jaycarter.rvm/rubies/ruby-2.1.0/include/ruby-2.1.0 -I. -I/Volumes/MacBook_Files_HD/a_____WEB_DEV/corner-grocery/vendor/bundle/ruby/2.1.0/gems/nokogiri-1.6.1/ports/x86_64-apple-darwin14.0.0/libxml2/2.8.0/include/libxml2 -I/Volumes/MacBook_Files_HD/a_____WEB_DEV/corner-grocery/vendor/bundle/ruby/2.1.0/gems/nokogiri-1.6.1/ports/x86_64-apple-darwin14.0.0/libxml2/2.8.0/include -I/Volumes/MacBook_Files_HD/a_____WEB_DEV/corner-grocery/vendor/bundle/ruby/2.1.0/gems/nokogiri-1.6.1/ports/x86_64-apple-darwin14.0.0/libxslt/1.1.26/include  -I/usr/local/opt/libyaml/include -I/usr/local/opt/readline/include -I/usr/local/opt/libksba/include -I/usr/local/opt/openssl/include -D_XOPEN_SOURCE -D_DARWIN_C_SOURCE -D_DARWIN_UNLIMITED_SELECT -D_REENTRANT    -O3 -fno-fast-math -ggdb3 -Wall -Wextra -Wno-unused-parameter -Wno-parentheses -Wno-long-long -Wno-missing-field-initializers -Wunused-variable -Wpointer-arith -Wwrite-strings -Wdeclaration-after-statement -Wshorten-64-to-32 -Wimplicit-function-declaration -Wdivision-by-zero -Wextra-tokens  -fno-common -pipe  -g -DXP_UNIX -O3 -Wall -Wcast-qual -Wwrite-strings -Wconversion -Wmissing-noreturn -Winline -DNOKOGIRI_USE_PACKAGED_LIBRARIES -DNOKOGIRI_LIBXML2_PATH='"/Volumes/MacBook_Files_HD/a_____WEB_DEV/corner-grocery/vendor/bundle/ruby/2.1.0/gems/nokogiri-1.6.1/ports/x86_64-apple-darwin14.0.0/libxml2/2.8.0"' -DNOKOGIRI_LIBXSLT_PATH='"/Volumes/MacBook_Files_HD/a_____WEB_DEV/corner-grocery/vendor/bundle/ruby/2.1.0/gems/nokogiri-1.6.1/ports/x86_64-apple-darwin14.0.0/libxslt/1.1.26"' -I/usr/include/libxml2 -I/usr/include/libxml2 conftest.c  -L. -L/jaycarter.rvm/rubies/ruby-2.1.0/lib -L/Volumes/MacBook_Files_HD/a_____WEB_DEV/corner-grocery/vendor/bundle/ruby/2.1.0/gems/nokogiri-1.6.1/ports/x86_64-apple-darwin14.0.0/libxml2/2.8.0/lib -L/Volumes/MacBook_Files_HD/a_____WEB_DEV/corner-grocery/vendor/bundle/ruby/2.1.0/gems/nokogiri-1.6.1/ports/x86_64-apple-darwin14.0.0/libxslt/1.1.26/lib -L/usr/local/opt/libyaml/lib -L/usr/local/opt/readline/lib -L/usr/local/opt/libksba/lib -L/usr/local/opt/openssl/lib -L. -fstack-protector      -Wl,-rpath,/Volumes/MacBook_Files_HD/a_____WEB_DEV/corner-grocery/vendor/bundle/ruby/2.1.0/gems/nokogiri-1.6.1/ports/x86_64-apple-darwin14.0.0/libxml2/2.8.0/lib -Wl,-rpath,/Volumes/MacBook_Files_HD/a_____WEB_DEV/corner-grocery/vendor/bundle/ruby/2.1.0/gems/nokogiri-1.6.1/ports/x86_64-apple-darwin14.0.0/libxslt/1.1.26/lib      -lexslt -lxslt -lxml2 -liconv  -lxslt -lxml2 -lz -lpthread -licucore -lm -lxml2 -lxml2 -lruby.2.1.0 -lexslt -lxslt -lxml2 -liconv  -lxslt -lxml2 -lz -lpthread -licucore -lm -lxml2 -lxml2 -lpthread -ldl -lobjc  "
conftest.c:13:15: warning: implicit declaration of function 'xmlFirstElementChild' is invalid in C99 [-Wimplicit-function-declaration]
int t(void) { xmlFirstElementChild(); return 0; }
              ^
1 warning generated.
checked program was:
/* begin */
 1: #include "ruby.h"
 2: 
 3: /*top*/
 4: extern int t(void);
 5: int main(int argc, char **argv)
 6: {
 7:   if (argc > 1000000) {
 8:     printf("%p", &t);
 9:   }
10: 
11:   return 0;
12: }
13: int t(void) { xmlFirstElementChild(); return 0; }
/* end */

--------------------

have_func: checking for xmlRelaxNGSetParserStructuredErrors()... -------------------- yes

"gcc -o conftest -I/jaycarter.rvm/rubies/ruby-2.1.0/include/ruby-2.1.0/x86_64-darwin14.0 -I/jaycarter.rvm/rubies/ruby-2.1.0/include/ruby-2.1.0/ruby/backward -I/jaycarter.rvm/rubies/ruby-2.1.0/include/ruby-2.1.0 -I. -I/Volumes/MacBook_Files_HD/a_____WEB_DEV/corner-grocery/vendor/bundle/ruby/2.1.0/gems/nokogiri-1.6.1/ports/x86_64-apple-darwin14.0.0/libxml2/2.8.0/include/libxml2 -I/Volumes/MacBook_Files_HD/a_____WEB_DEV/corner-grocery/vendor/bundle/ruby/2.1.0/gems/nokogiri-1.6.1/ports/x86_64-apple-darwin14.0.0/libxml2/2.8.0/include -I/Volumes/MacBook_Files_HD/a_____WEB_DEV/corner-grocery/vendor/bundle/ruby/2.1.0/gems/nokogiri-1.6.1/ports/x86_64-apple-darwin14.0.0/libxslt/1.1.26/include  -I/usr/local/opt/libyaml/include -I/usr/local/opt/readline/include -I/usr/local/opt/libksba/include -I/usr/local/opt/openssl/include -D_XOPEN_SOURCE -D_DARWIN_C_SOURCE -D_DARWIN_UNLIMITED_SELECT -D_REENTRANT    -O3 -fno-fast-math -ggdb3 -Wall -Wextra -Wno-unused-parameter -Wno-parentheses -Wno-long-long -Wno-missing-field-initializers -Wunused-variable -Wpointer-arith -Wwrite-strings -Wdeclaration-after-statement -Wshorten-64-to-32 -Wimplicit-function-declaration -Wdivision-by-zero -Wextra-tokens  -fno-common -pipe  -g -DXP_UNIX -O3 -Wall -Wcast-qual -Wwrite-strings -Wconversion -Wmissing-noreturn -Winline -DNOKOGIRI_USE_PACKAGED_LIBRARIES -DNOKOGIRI_LIBXML2_PATH='"/Volumes/MacBook_Files_HD/a_____WEB_DEV/corner-grocery/vendor/bundle/ruby/2.1.0/gems/nokogiri-1.6.1/ports/x86_64-apple-darwin14.0.0/libxml2/2.8.0"' -DNOKOGIRI_LIBXSLT_PATH='"/Volumes/MacBook_Files_HD/a_____WEB_DEV/corner-grocery/vendor/bundle/ruby/2.1.0/gems/nokogiri-1.6.1/ports/x86_64-apple-darwin14.0.0/libxslt/1.1.26"' -I/usr/include/libxml2 -I/usr/include/libxml2 conftest.c  -L. -L/jaycarter.rvm/rubies/ruby-2.1.0/lib -L/Volumes/MacBook_Files_HD/a_____WEB_DEV/corner-grocery/vendor/bundle/ruby/2.1.0/gems/nokogiri-1.6.1/ports/x86_64-apple-darwin14.0.0/libxml2/2.8.0/lib -L/Volumes/MacBook_Files_HD/a_____WEB_DEV/corner-grocery/vendor/bundle/ruby/2.1.0/gems/nokogiri-1.6.1/ports/x86_64-apple-darwin14.0.0/libxslt/1.1.26/lib -L/usr/local/opt/libyaml/lib -L/usr/local/opt/readline/lib -L/usr/local/opt/libksba/lib -L/usr/local/opt/openssl/lib -L. -fstack-protector      -Wl,-rpath,/Volumes/MacBook_Files_HD/a_____WEB_DEV/corner-grocery/vendor/bundle/ruby/2.1.0/gems/nokogiri-1.6.1/ports/x86_64-apple-darwin14.0.0/libxml2/2.8.0/lib -Wl,-rpath,/Volumes/MacBook_Files_HD/a_____WEB_DEV/corner-grocery/vendor/bundle/ruby/2.1.0/gems/nokogiri-1.6.1/ports/x86_64-apple-darwin14.0.0/libxslt/1.1.26/lib      -lexslt -lxslt -lxml2 -liconv  -lxslt -lxml2 -lz -lpthread -licucore -lm -lxml2 -lxml2 -lruby.2.1.0 -lexslt -lxslt -lxml2 -liconv  -lxslt -lxml2 -lz -lpthread -licucore -lm -lxml2 -lxml2 -lpthread -ldl -lobjc  "
conftest.c:13:57: error: use of undeclared identifier 'xmlRelaxNGSetParserStructuredErrors'
int t(void) { void ((*volatile p)()); p = (void ((*)()))xmlRelaxNGSetParserStructuredErrors; return 0; }
                                                        ^
1 error generated.
checked program was:
/* begin */
 1: #include "ruby.h"
 2: 
 3: /*top*/
 4: extern int t(void);
 5: int main(int argc, char **argv)
 6: {
 7:   if (argc > 1000000) {
 8:     printf("%p", &t);
 9:   }
10: 
11:   return 0;
12: }
13: int t(void) { void ((*volatile p)()); p = (void ((*)()))xmlRelaxNGSetParserStructuredErrors; return 0; }
/* end */

"gcc -o conftest -I/jaycarter.rvm/rubies/ruby-2.1.0/include/ruby-2.1.0/x86_64-darwin14.0 -I/jaycarter.rvm/rubies/ruby-2.1.0/include/ruby-2.1.0/ruby/backward -I/jaycarter.rvm/rubies/ruby-2.1.0/include/ruby-2.1.0 -I. -I/Volumes/MacBook_Files_HD/a_____WEB_DEV/corner-grocery/vendor/bundle/ruby/2.1.0/gems/nokogiri-1.6.1/ports/x86_64-apple-darwin14.0.0/libxml2/2.8.0/include/libxml2 -I/Volumes/MacBook_Files_HD/a_____WEB_DEV/corner-grocery/vendor/bundle/ruby/2.1.0/gems/nokogiri-1.6.1/ports/x86_64-apple-darwin14.0.0/libxml2/2.8.0/include -I/Volumes/MacBook_Files_HD/a_____WEB_DEV/corner-grocery/vendor/bundle/ruby/2.1.0/gems/nokogiri-1.6.1/ports/x86_64-apple-darwin14.0.0/libxslt/1.1.26/include  -I/usr/local/opt/libyaml/include -I/usr/local/opt/readline/include -I/usr/local/opt/libksba/include -I/usr/local/opt/openssl/include -D_XOPEN_SOURCE -D_DARWIN_C_SOURCE -D_DARWIN_UNLIMITED_SELECT -D_REENTRANT    -O3 -fno-fast-math -ggdb3 -Wall -Wextra -Wno-unused-parameter -Wno-parentheses -Wno-long-long -Wno-missing-field-initializers -Wunused-variable -Wpointer-arith -Wwrite-strings -Wdeclaration-after-statement -Wshorten-64-to-32 -Wimplicit-function-declaration -Wdivision-by-zero -Wextra-tokens  -fno-common -pipe  -g -DXP_UNIX -O3 -Wall -Wcast-qual -Wwrite-strings -Wconversion -Wmissing-noreturn -Winline -DNOKOGIRI_USE_PACKAGED_LIBRARIES -DNOKOGIRI_LIBXML2_PATH='"/Volumes/MacBook_Files_HD/a_____WEB_DEV/corner-grocery/vendor/bundle/ruby/2.1.0/gems/nokogiri-1.6.1/ports/x86_64-apple-darwin14.0.0/libxml2/2.8.0"' -DNOKOGIRI_LIBXSLT_PATH='"/Volumes/MacBook_Files_HD/a_____WEB_DEV/corner-grocery/vendor/bundle/ruby/2.1.0/gems/nokogiri-1.6.1/ports/x86_64-apple-darwin14.0.0/libxslt/1.1.26"' -I/usr/include/libxml2 -I/usr/include/libxml2 conftest.c  -L. -L/jaycarter.rvm/rubies/ruby-2.1.0/lib -L/Volumes/MacBook_Files_HD/a_____WEB_DEV/corner-grocery/vendor/bundle/ruby/2.1.0/gems/nokogiri-1.6.1/ports/x86_64-apple-darwin14.0.0/libxml2/2.8.0/lib -L/Volumes/MacBook_Files_HD/a_____WEB_DEV/corner-grocery/vendor/bundle/ruby/2.1.0/gems/nokogiri-1.6.1/ports/x86_64-apple-darwin14.0.0/libxslt/1.1.26/lib -L/usr/local/opt/libyaml/lib -L/usr/local/opt/readline/lib -L/usr/local/opt/libksba/lib -L/usr/local/opt/openssl/lib -L. -fstack-protector      -Wl,-rpath,/Volumes/MacBook_Files_HD/a_____WEB_DEV/corner-grocery/vendor/bundle/ruby/2.1.0/gems/nokogiri-1.6.1/ports/x86_64-apple-darwin14.0.0/libxml2/2.8.0/lib -Wl,-rpath,/Volumes/MacBook_Files_HD/a_____WEB_DEV/corner-grocery/vendor/bundle/ruby/2.1.0/gems/nokogiri-1.6.1/ports/x86_64-apple-darwin14.0.0/libxslt/1.1.26/lib      -lexslt -lxslt -lxml2 -liconv  -lxslt -lxml2 -lz -lpthread -licucore -lm -lxml2 -lxml2 -lruby.2.1.0 -lexslt -lxslt -lxml2 -liconv  -lxslt -lxml2 -lz -lpthread -licucore -lm -lxml2 -lxml2 -lpthread -ldl -lobjc  "
conftest.c:13:15: warning: implicit declaration of function 'xmlRelaxNGSetParserStructuredErrors' is invalid in C99 [-Wimplicit-function-declaration]
int t(void) { xmlRelaxNGSetParserStructuredErrors(); return 0; }
              ^
1 warning generated.
checked program was:
/* begin */
 1: #include "ruby.h"
 2: 
 3: /*top*/
 4: extern int t(void);
 5: int main(int argc, char **argv)
 6: {
 7:   if (argc > 1000000) {
 8:     printf("%p", &t);
 9:   }
10: 
11:   return 0;
12: }
13: int t(void) { xmlRelaxNGSetParserStructuredErrors(); return 0; }
/* end */

--------------------

have_func: checking for xmlRelaxNGSetParserStructuredErrors()... -------------------- yes

"gcc -o conftest -I/jaycarter.rvm/rubies/ruby-2.1.0/include/ruby-2.1.0/x86_64-darwin14.0 -I/jaycarter.rvm/rubies/ruby-2.1.0/include/ruby-2.1.0/ruby/backward -I/jaycarter.rvm/rubies/ruby-2.1.0/include/ruby-2.1.0 -I. -I/Volumes/MacBook_Files_HD/a_____WEB_DEV/corner-grocery/vendor/bundle/ruby/2.1.0/gems/nokogiri-1.6.1/ports/x86_64-apple-darwin14.0.0/libxml2/2.8.0/include/libxml2 -I/Volumes/MacBook_Files_HD/a_____WEB_DEV/corner-grocery/vendor/bundle/ruby/2.1.0/gems/nokogiri-1.6.1/ports/x86_64-apple-darwin14.0.0/libxml2/2.8.0/include -I/Volumes/MacBook_Files_HD/a_____WEB_DEV/corner-grocery/vendor/bundle/ruby/2.1.0/gems/nokogiri-1.6.1/ports/x86_64-apple-darwin14.0.0/libxslt/1.1.26/include  -I/usr/local/opt/libyaml/include -I/usr/local/opt/readline/include -I/usr/local/opt/libksba/include -I/usr/local/opt/openssl/include -D_XOPEN_SOURCE -D_DARWIN_C_SOURCE -D_DARWIN_UNLIMITED_SELECT -D_REENTRANT    -O3 -fno-fast-math -ggdb3 -Wall -Wextra -Wno-unused-parameter -Wno-parentheses -Wno-long-long -Wno-missing-field-initializers -Wunused-variable -Wpointer-arith -Wwrite-strings -Wdeclaration-after-statement -Wshorten-64-to-32 -Wimplicit-function-declaration -Wdivision-by-zero -Wextra-tokens  -fno-common -pipe  -g -DXP_UNIX -O3 -Wall -Wcast-qual -Wwrite-strings -Wconversion -Wmissing-noreturn -Winline -DNOKOGIRI_USE_PACKAGED_LIBRARIES -DNOKOGIRI_LIBXML2_PATH='"/Volumes/MacBook_Files_HD/a_____WEB_DEV/corner-grocery/vendor/bundle/ruby/2.1.0/gems/nokogiri-1.6.1/ports/x86_64-apple-darwin14.0.0/libxml2/2.8.0"' -DNOKOGIRI_LIBXSLT_PATH='"/Volumes/MacBook_Files_HD/a_____WEB_DEV/corner-grocery/vendor/bundle/ruby/2.1.0/gems/nokogiri-1.6.1/ports/x86_64-apple-darwin14.0.0/libxslt/1.1.26"' -I/usr/include/libxml2 -I/usr/include/libxml2 conftest.c  -L. -L/jaycarter.rvm/rubies/ruby-2.1.0/lib -L/Volumes/MacBook_Files_HD/a_____WEB_DEV/corner-grocery/vendor/bundle/ruby/2.1.0/gems/nokogiri-1.6.1/ports/x86_64-apple-darwin14.0.0/libxml2/2.8.0/lib -L/Volumes/MacBook_Files_HD/a_____WEB_DEV/corner-grocery/vendor/bundle/ruby/2.1.0/gems/nokogiri-1.6.1/ports/x86_64-apple-darwin14.0.0/libxslt/1.1.26/lib -L/usr/local/opt/libyaml/lib -L/usr/local/opt/readline/lib -L/usr/local/opt/libksba/lib -L/usr/local/opt/openssl/lib -L. -fstack-protector      -Wl,-rpath,/Volumes/MacBook_Files_HD/a_____WEB_DEV/corner-grocery/vendor/bundle/ruby/2.1.0/gems/nokogiri-1.6.1/ports/x86_64-apple-darwin14.0.0/libxml2/2.8.0/lib -Wl,-rpath,/Volumes/MacBook_Files_HD/a_____WEB_DEV/corner-grocery/vendor/bundle/ruby/2.1.0/gems/nokogiri-1.6.1/ports/x86_64-apple-darwin14.0.0/libxslt/1.1.26/lib      -lexslt -lxslt -lxml2 -liconv  -lxslt -lxml2 -lz -lpthread -licucore -lm -lxml2 -lxml2 -lruby.2.1.0 -lexslt -lxslt -lxml2 -liconv  -lxslt -lxml2 -lz -lpthread -licucore -lm -lxml2 -lxml2 -lpthread -ldl -lobjc  "
conftest.c:13:57: error: use of undeclared identifier 'xmlRelaxNGSetParserStructuredErrors'
int t(void) { void ((*volatile p)()); p = (void ((*)()))xmlRelaxNGSetParserStructuredErrors; return 0; }
                                                        ^
1 error generated.
checked program was:
/* begin */
 1: #include "ruby.h"
 2: 
 3: /*top*/
 4: extern int t(void);
 5: int main(int argc, char **argv)
 6: {
 7:   if (argc > 1000000) {
 8:     printf("%p", &t);
 9:   }
10: 
11:   return 0;
12: }
13: int t(void) { void ((*volatile p)()); p = (void ((*)()))xmlRelaxNGSetParserStructuredErrors; return 0; }
/* end */

"gcc -o conftest -I/jaycarter.rvm/rubies/ruby-2.1.0/include/ruby-2.1.0/x86_64-darwin14.0 -I/jaycarter.rvm/rubies/ruby-2.1.0/include/ruby-2.1.0/ruby/backward -I/jaycarter.rvm/rubies/ruby-2.1.0/include/ruby-2.1.0 -I. -I/Volumes/MacBook_Files_HD/a_____WEB_DEV/corner-grocery/vendor/bundle/ruby/2.1.0/gems/nokogiri-1.6.1/ports/x86_64-apple-darwin14.0.0/libxml2/2.8.0/include/libxml2 -I/Volumes/MacBook_Files_HD/a_____WEB_DEV/corner-grocery/vendor/bundle/ruby/2.1.0/gems/nokogiri-1.6.1/ports/x86_64-apple-darwin14.0.0/libxml2/2.8.0/include -I/Volumes/MacBook_Files_HD/a_____WEB_DEV/corner-grocery/vendor/bundle/ruby/2.1.0/gems/nokogiri-1.6.1/ports/x86_64-apple-darwin14.0.0/libxslt/1.1.26/include  -I/usr/local/opt/libyaml/include -I/usr/local/opt/readline/include -I/usr/local/opt/libksba/include -I/usr/local/opt/openssl/include -D_XOPEN_SOURCE -D_DARWIN_C_SOURCE -D_DARWIN_UNLIMITED_SELECT -D_REENTRANT    -O3 -fno-fast-math -ggdb3 -Wall -Wextra -Wno-unused-parameter -Wno-parentheses -Wno-long-long -Wno-missing-field-initializers -Wunused-variable -Wpointer-arith -Wwrite-strings -Wdeclaration-after-statement -Wshorten-64-to-32 -Wimplicit-function-declaration -Wdivision-by-zero -Wextra-tokens  -fno-common -pipe  -g -DXP_UNIX -O3 -Wall -Wcast-qual -Wwrite-strings -Wconversion -Wmissing-noreturn -Winline -DNOKOGIRI_USE_PACKAGED_LIBRARIES -DNOKOGIRI_LIBXML2_PATH='"/Volumes/MacBook_Files_HD/a_____WEB_DEV/corner-grocery/vendor/bundle/ruby/2.1.0/gems/nokogiri-1.6.1/ports/x86_64-apple-darwin14.0.0/libxml2/2.8.0"' -DNOKOGIRI_LIBXSLT_PATH='"/Volumes/MacBook_Files_HD/a_____WEB_DEV/corner-grocery/vendor/bundle/ruby/2.1.0/gems/nokogiri-1.6.1/ports/x86_64-apple-darwin14.0.0/libxslt/1.1.26"' -I/usr/include/libxml2 -I/usr/include/libxml2 conftest.c  -L. -L/jaycarter.rvm/rubies/ruby-2.1.0/lib -L/Volumes/MacBook_Files_HD/a_____WEB_DEV/corner-grocery/vendor/bundle/ruby/2.1.0/gems/nokogiri-1.6.1/ports/x86_64-apple-darwin14.0.0/libxml2/2.8.0/lib -L/Volumes/MacBook_Files_HD/a_____WEB_DEV/corner-grocery/vendor/bundle/ruby/2.1.0/gems/nokogiri-1.6.1/ports/x86_64-apple-darwin14.0.0/libxslt/1.1.26/lib -L/usr/local/opt/libyaml/lib -L/usr/local/opt/readline/lib -L/usr/local/opt/libksba/lib -L/usr/local/opt/openssl/lib -L. -fstack-protector      -Wl,-rpath,/Volumes/MacBook_Files_HD/a_____WEB_DEV/corner-grocery/vendor/bundle/ruby/2.1.0/gems/nokogiri-1.6.1/ports/x86_64-apple-darwin14.0.0/libxml2/2.8.0/lib -Wl,-rpath,/Volumes/MacBook_Files_HD/a_____WEB_DEV/corner-grocery/vendor/bundle/ruby/2.1.0/gems/nokogiri-1.6.1/ports/x86_64-apple-darwin14.0.0/libxslt/1.1.26/lib      -lexslt -lxslt -lxml2 -liconv  -lxslt -lxml2 -lz -lpthread -licucore -lm -lxml2 -lxml2 -lruby.2.1.0 -lexslt -lxslt -lxml2 -liconv  -lxslt -lxml2 -lz -lpthread -licucore -lm -lxml2 -lxml2 -lpthread -ldl -lobjc  "
conftest.c:13:15: warning: implicit declaration of function 'xmlRelaxNGSetParserStructuredErrors' is invalid in C99 [-Wimplicit-function-declaration]
int t(void) { xmlRelaxNGSetParserStructuredErrors(); return 0; }
              ^
1 warning generated.
checked program was:
/* begin */
 1: #include "ruby.h"
 2: 
 3: /*top*/
 4: extern int t(void);
 5: int main(int argc, char **argv)
 6: {
 7:   if (argc > 1000000) {
 8:     printf("%p", &t);
 9:   }
10: 
11:   return 0;
12: }
13: int t(void) { xmlRelaxNGSetParserStructuredErrors(); return 0; }
/* end */

--------------------

have_func: checking for xmlRelaxNGSetValidStructuredErrors()... -------------------- yes

"gcc -o conftest -I/jaycarter.rvm/rubies/ruby-2.1.0/include/ruby-2.1.0/x86_64-darwin14.0 -I/jaycarter.rvm/rubies/ruby-2.1.0/include/ruby-2.1.0/ruby/backward -I/jaycarter.rvm/rubies/ruby-2.1.0/include/ruby-2.1.0 -I. -I/Volumes/MacBook_Files_HD/a_____WEB_DEV/corner-grocery/vendor/bundle/ruby/2.1.0/gems/nokogiri-1.6.1/ports/x86_64-apple-darwin14.0.0/libxml2/2.8.0/include/libxml2 -I/Volumes/MacBook_Files_HD/a_____WEB_DEV/corner-grocery/vendor/bundle/ruby/2.1.0/gems/nokogiri-1.6.1/ports/x86_64-apple-darwin14.0.0/libxml2/2.8.0/include -I/Volumes/MacBook_Files_HD/a_____WEB_DEV/corner-grocery/vendor/bundle/ruby/2.1.0/gems/nokogiri-1.6.1/ports/x86_64-apple-darwin14.0.0/libxslt/1.1.26/include  -I/usr/local/opt/libyaml/include -I/usr/local/opt/readline/include -I/usr/local/opt/libksba/include -I/usr/local/opt/openssl/include -D_XOPEN_SOURCE -D_DARWIN_C_SOURCE -D_DARWIN_UNLIMITED_SELECT -D_REENTRANT    -O3 -fno-fast-math -ggdb3 -Wall -Wextra -Wno-unused-parameter -Wno-parentheses -Wno-long-long -Wno-missing-field-initializers -Wunused-variable -Wpointer-arith -Wwrite-strings -Wdeclaration-after-statement -Wshorten-64-to-32 -Wimplicit-function-declaration -Wdivision-by-zero -Wextra-tokens  -fno-common -pipe  -g -DXP_UNIX -O3 -Wall -Wcast-qual -Wwrite-strings -Wconversion -Wmissing-noreturn -Winline -DNOKOGIRI_USE_PACKAGED_LIBRARIES -DNOKOGIRI_LIBXML2_PATH='"/Volumes/MacBook_Files_HD/a_____WEB_DEV/corner-grocery/vendor/bundle/ruby/2.1.0/gems/nokogiri-1.6.1/ports/x86_64-apple-darwin14.0.0/libxml2/2.8.0"' -DNOKOGIRI_LIBXSLT_PATH='"/Volumes/MacBook_Files_HD/a_____WEB_DEV/corner-grocery/vendor/bundle/ruby/2.1.0/gems/nokogiri-1.6.1/ports/x86_64-apple-darwin14.0.0/libxslt/1.1.26"' -I/usr/include/libxml2 -I/usr/include/libxml2 conftest.c  -L. -L/jaycarter.rvm/rubies/ruby-2.1.0/lib -L/Volumes/MacBook_Files_HD/a_____WEB_DEV/corner-grocery/vendor/bundle/ruby/2.1.0/gems/nokogiri-1.6.1/ports/x86_64-apple-darwin14.0.0/libxml2/2.8.0/lib -L/Volumes/MacBook_Files_HD/a_____WEB_DEV/corner-grocery/vendor/bundle/ruby/2.1.0/gems/nokogiri-1.6.1/ports/x86_64-apple-darwin14.0.0/libxslt/1.1.26/lib -L/usr/local/opt/libyaml/lib -L/usr/local/opt/readline/lib -L/usr/local/opt/libksba/lib -L/usr/local/opt/openssl/lib -L. -fstack-protector      -Wl,-rpath,/Volumes/MacBook_Files_HD/a_____WEB_DEV/corner-grocery/vendor/bundle/ruby/2.1.0/gems/nokogiri-1.6.1/ports/x86_64-apple-darwin14.0.0/libxml2/2.8.0/lib -Wl,-rpath,/Volumes/MacBook_Files_HD/a_____WEB_DEV/corner-grocery/vendor/bundle/ruby/2.1.0/gems/nokogiri-1.6.1/ports/x86_64-apple-darwin14.0.0/libxslt/1.1.26/lib      -lexslt -lxslt -lxml2 -liconv  -lxslt -lxml2 -lz -lpthread -licucore -lm -lxml2 -lxml2 -lruby.2.1.0 -lexslt -lxslt -lxml2 -liconv  -lxslt -lxml2 -lz -lpthread -licucore -lm -lxml2 -lxml2 -lpthread -ldl -lobjc  "
conftest.c:13:57: error: use of undeclared identifier 'xmlRelaxNGSetValidStructuredErrors'
int t(void) { void ((*volatile p)()); p = (void ((*)()))xmlRelaxNGSetValidStructuredErrors; return 0; }
                                                        ^
1 error generated.
checked program was:
/* begin */
 1: #include "ruby.h"
 2: 
 3: /*top*/
 4: extern int t(void);
 5: int main(int argc, char **argv)
 6: {
 7:   if (argc > 1000000) {
 8:     printf("%p", &t);
 9:   }
10: 
11:   return 0;
12: }
13: int t(void) { void ((*volatile p)()); p = (void ((*)()))xmlRelaxNGSetValidStructuredErrors; return 0; }
/* end */

"gcc -o conftest -I/jaycarter.rvm/rubies/ruby-2.1.0/include/ruby-2.1.0/x86_64-darwin14.0 -I/jaycarter.rvm/rubies/ruby-2.1.0/include/ruby-2.1.0/ruby/backward -I/jaycarter.rvm/rubies/ruby-2.1.0/include/ruby-2.1.0 -I. -I/Volumes/MacBook_Files_HD/a_____WEB_DEV/corner-grocery/vendor/bundle/ruby/2.1.0/gems/nokogiri-1.6.1/ports/x86_64-apple-darwin14.0.0/libxml2/2.8.0/include/libxml2 -I/Volumes/MacBook_Files_HD/a_____WEB_DEV/corner-grocery/vendor/bundle/ruby/2.1.0/gems/nokogiri-1.6.1/ports/x86_64-apple-darwin14.0.0/libxml2/2.8.0/include -I/Volumes/MacBook_Files_HD/a_____WEB_DEV/corner-grocery/vendor/bundle/ruby/2.1.0/gems/nokogiri-1.6.1/ports/x86_64-apple-darwin14.0.0/libxslt/1.1.26/include  -I/usr/local/opt/libyaml/include -I/usr/local/opt/readline/include -I/usr/local/opt/libksba/include -I/usr/local/opt/openssl/include -D_XOPEN_SOURCE -D_DARWIN_C_SOURCE -D_DARWIN_UNLIMITED_SELECT -D_REENTRANT    -O3 -fno-fast-math -ggdb3 -Wall -Wextra -Wno-unused-parameter -Wno-parentheses -Wno-long-long -Wno-missing-field-initializers -Wunused-variable -Wpointer-arith -Wwrite-strings -Wdeclaration-after-statement -Wshorten-64-to-32 -Wimplicit-function-declaration -Wdivision-by-zero -Wextra-tokens  -fno-common -pipe  -g -DXP_UNIX -O3 -Wall -Wcast-qual -Wwrite-strings -Wconversion -Wmissing-noreturn -Winline -DNOKOGIRI_USE_PACKAGED_LIBRARIES -DNOKOGIRI_LIBXML2_PATH='"/Volumes/MacBook_Files_HD/a_____WEB_DEV/corner-grocery/vendor/bundle/ruby/2.1.0/gems/nokogiri-1.6.1/ports/x86_64-apple-darwin14.0.0/libxml2/2.8.0"' -DNOKOGIRI_LIBXSLT_PATH='"/Volumes/MacBook_Files_HD/a_____WEB_DEV/corner-grocery/vendor/bundle/ruby/2.1.0/gems/nokogiri-1.6.1/ports/x86_64-apple-darwin14.0.0/libxslt/1.1.26"' -I/usr/include/libxml2 -I/usr/include/libxml2 conftest.c  -L. -L/jaycarter.rvm/rubies/ruby-2.1.0/lib -L/Volumes/MacBook_Files_HD/a_____WEB_DEV/corner-grocery/vendor/bundle/ruby/2.1.0/gems/nokogiri-1.6.1/ports/x86_64-apple-darwin14.0.0/libxml2/2.8.0/lib -L/Volumes/MacBook_Files_HD/a_____WEB_DEV/corner-grocery/vendor/bundle/ruby/2.1.0/gems/nokogiri-1.6.1/ports/x86_64-apple-darwin14.0.0/libxslt/1.1.26/lib -L/usr/local/opt/libyaml/lib -L/usr/local/opt/readline/lib -L/usr/local/opt/libksba/lib -L/usr/local/opt/openssl/lib -L. -fstack-protector      -Wl,-rpath,/Volumes/MacBook_Files_HD/a_____WEB_DEV/corner-grocery/vendor/bundle/ruby/2.1.0/gems/nokogiri-1.6.1/ports/x86_64-apple-darwin14.0.0/libxml2/2.8.0/lib -Wl,-rpath,/Volumes/MacBook_Files_HD/a_____WEB_DEV/corner-grocery/vendor/bundle/ruby/2.1.0/gems/nokogiri-1.6.1/ports/x86_64-apple-darwin14.0.0/libxslt/1.1.26/lib      -lexslt -lxslt -lxml2 -liconv  -lxslt -lxml2 -lz -lpthread -licucore -lm -lxml2 -lxml2 -lruby.2.1.0 -lexslt -lxslt -lxml2 -liconv  -lxslt -lxml2 -lz -lpthread -licucore -lm -lxml2 -lxml2 -lpthread -ldl -lobjc  "
conftest.c:13:15: warning: implicit declaration of function 'xmlRelaxNGSetValidStructuredErrors' is invalid in C99 [-Wimplicit-function-declaration]
int t(void) { xmlRelaxNGSetValidStructuredErrors(); return 0; }
              ^
1 warning generated.
checked program was:
/* begin */
 1: #include "ruby.h"
 2: 
 3: /*top*/
 4: extern int t(void);
 5: int main(int argc, char **argv)
 6: {
 7:   if (argc > 1000000) {
 8:     printf("%p", &t);
 9:   }
10: 
11:   return 0;
12: }
13: int t(void) { xmlRelaxNGSetValidStructuredErrors(); return 0; }
/* end */

--------------------

have_func: checking for xmlSchemaSetValidStructuredErrors()... -------------------- yes

"gcc -o conftest -I/jaycarter.rvm/rubies/ruby-2.1.0/include/ruby-2.1.0/x86_64-darwin14.0 -I/jaycarter.rvm/rubies/ruby-2.1.0/include/ruby-2.1.0/ruby/backward -I/jaycarter.rvm/rubies/ruby-2.1.0/include/ruby-2.1.0 -I. -I/Volumes/MacBook_Files_HD/a_____WEB_DEV/corner-grocery/vendor/bundle/ruby/2.1.0/gems/nokogiri-1.6.1/ports/x86_64-apple-darwin14.0.0/libxml2/2.8.0/include/libxml2 -I/Volumes/MacBook_Files_HD/a_____WEB_DEV/corner-grocery/vendor/bundle/ruby/2.1.0/gems/nokogiri-1.6.1/ports/x86_64-apple-darwin14.0.0/libxml2/2.8.0/include -I/Volumes/MacBook_Files_HD/a_____WEB_DEV/corner-grocery/vendor/bundle/ruby/2.1.0/gems/nokogiri-1.6.1/ports/x86_64-apple-darwin14.0.0/libxslt/1.1.26/include  -I/usr/local/opt/libyaml/include -I/usr/local/opt/readline/include -I/usr/local/opt/libksba/include -I/usr/local/opt/openssl/include -D_XOPEN_SOURCE -D_DARWIN_C_SOURCE -D_DARWIN_UNLIMITED_SELECT -D_REENTRANT    -O3 -fno-fast-math -ggdb3 -Wall -Wextra -Wno-unused-parameter -Wno-parentheses -Wno-long-long -Wno-missing-field-initializers -Wunused-variable -Wpointer-arith -Wwrite-strings -Wdeclaration-after-statement -Wshorten-64-to-32 -Wimplicit-function-declaration -Wdivision-by-zero -Wextra-tokens  -fno-common -pipe  -g -DXP_UNIX -O3 -Wall -Wcast-qual -Wwrite-strings -Wconversion -Wmissing-noreturn -Winline -DNOKOGIRI_USE_PACKAGED_LIBRARIES -DNOKOGIRI_LIBXML2_PATH='"/Volumes/MacBook_Files_HD/a_____WEB_DEV/corner-grocery/vendor/bundle/ruby/2.1.0/gems/nokogiri-1.6.1/ports/x86_64-apple-darwin14.0.0/libxml2/2.8.0"' -DNOKOGIRI_LIBXSLT_PATH='"/Volumes/MacBook_Files_HD/a_____WEB_DEV/corner-grocery/vendor/bundle/ruby/2.1.0/gems/nokogiri-1.6.1/ports/x86_64-apple-darwin14.0.0/libxslt/1.1.26"' -I/usr/include/libxml2 -I/usr/include/libxml2 conftest.c  -L. -L/jaycarter.rvm/rubies/ruby-2.1.0/lib -L/Volumes/MacBook_Files_HD/a_____WEB_DEV/corner-grocery/vendor/bundle/ruby/2.1.0/gems/nokogiri-1.6.1/ports/x86_64-apple-darwin14.0.0/libxml2/2.8.0/lib -L/Volumes/MacBook_Files_HD/a_____WEB_DEV/corner-grocery/vendor/bundle/ruby/2.1.0/gems/nokogiri-1.6.1/ports/x86_64-apple-darwin14.0.0/libxslt/1.1.26/lib -L/usr/local/opt/libyaml/lib -L/usr/local/opt/readline/lib -L/usr/local/opt/libksba/lib -L/usr/local/opt/openssl/lib -L. -fstack-protector      -Wl,-rpath,/Volumes/MacBook_Files_HD/a_____WEB_DEV/corner-grocery/vendor/bundle/ruby/2.1.0/gems/nokogiri-1.6.1/ports/x86_64-apple-darwin14.0.0/libxml2/2.8.0/lib -Wl,-rpath,/Volumes/MacBook_Files_HD/a_____WEB_DEV/corner-grocery/vendor/bundle/ruby/2.1.0/gems/nokogiri-1.6.1/ports/x86_64-apple-darwin14.0.0/libxslt/1.1.26/lib      -lexslt -lxslt -lxml2 -liconv  -lxslt -lxml2 -lz -lpthread -licucore -lm -lxml2 -lxml2 -lruby.2.1.0 -lexslt -lxslt -lxml2 -liconv  -lxslt -lxml2 -lz -lpthread -licucore -lm -lxml2 -lxml2 -lpthread -ldl -lobjc  "
conftest.c:13:57: error: use of undeclared identifier 'xmlSchemaSetValidStructuredErrors'
int t(void) { void ((*volatile p)()); p = (void ((*)()))xmlSchemaSetValidStructuredErrors; return 0; }
                                                        ^
1 error generated.
checked program was:
/* begin */
 1: #include "ruby.h"
 2: 
 3: /*top*/
 4: extern int t(void);
 5: int main(int argc, char **argv)
 6: {
 7:   if (argc > 1000000) {
 8:     printf("%p", &t);
 9:   }
10: 
11:   return 0;
12: }
13: int t(void) { void ((*volatile p)()); p = (void ((*)()))xmlSchemaSetValidStructuredErrors; return 0; }
/* end */

"gcc -o conftest -I/jaycarter.rvm/rubies/ruby-2.1.0/include/ruby-2.1.0/x86_64-darwin14.0 -I/jaycarter.rvm/rubies/ruby-2.1.0/include/ruby-2.1.0/ruby/backward -I/jaycarter.rvm/rubies/ruby-2.1.0/include/ruby-2.1.0 -I. -I/Volumes/MacBook_Files_HD/a_____WEB_DEV/corner-grocery/vendor/bundle/ruby/2.1.0/gems/nokogiri-1.6.1/ports/x86_64-apple-darwin14.0.0/libxml2/2.8.0/include/libxml2 -I/Volumes/MacBook_Files_HD/a_____WEB_DEV/corner-grocery/vendor/bundle/ruby/2.1.0/gems/nokogiri-1.6.1/ports/x86_64-apple-darwin14.0.0/libxml2/2.8.0/include -I/Volumes/MacBook_Files_HD/a_____WEB_DEV/corner-grocery/vendor/bundle/ruby/2.1.0/gems/nokogiri-1.6.1/ports/x86_64-apple-darwin14.0.0/libxslt/1.1.26/include  -I/usr/local/opt/libyaml/include -I/usr/local/opt/readline/include -I/usr/local/opt/libksba/include -I/usr/local/opt/openssl/include -D_XOPEN_SOURCE -D_DARWIN_C_SOURCE -D_DARWIN_UNLIMITED_SELECT -D_REENTRANT    -O3 -fno-fast-math -ggdb3 -Wall -Wextra -Wno-unused-parameter -Wno-parentheses -Wno-long-long -Wno-missing-field-initializers -Wunused-variable -Wpointer-arith -Wwrite-strings -Wdeclaration-after-statement -Wshorten-64-to-32 -Wimplicit-function-declaration -Wdivision-by-zero -Wextra-tokens  -fno-common -pipe  -g -DXP_UNIX -O3 -Wall -Wcast-qual -Wwrite-strings -Wconversion -Wmissing-noreturn -Winline -DNOKOGIRI_USE_PACKAGED_LIBRARIES -DNOKOGIRI_LIBXML2_PATH='"/Volumes/MacBook_Files_HD/a_____WEB_DEV/corner-grocery/vendor/bundle/ruby/2.1.0/gems/nokogiri-1.6.1/ports/x86_64-apple-darwin14.0.0/libxml2/2.8.0"' -DNOKOGIRI_LIBXSLT_PATH='"/Volumes/MacBook_Files_HD/a_____WEB_DEV/corner-grocery/vendor/bundle/ruby/2.1.0/gems/nokogiri-1.6.1/ports/x86_64-apple-darwin14.0.0/libxslt/1.1.26"' -I/usr/include/libxml2 -I/usr/include/libxml2 conftest.c  -L. -L/jaycarter.rvm/rubies/ruby-2.1.0/lib -L/Volumes/MacBook_Files_HD/a_____WEB_DEV/corner-grocery/vendor/bundle/ruby/2.1.0/gems/nokogiri-1.6.1/ports/x86_64-apple-darwin14.0.0/libxml2/2.8.0/lib -L/Volumes/MacBook_Files_HD/a_____WEB_DEV/corner-grocery/vendor/bundle/ruby/2.1.0/gems/nokogiri-1.6.1/ports/x86_64-apple-darwin14.0.0/libxslt/1.1.26/lib -L/usr/local/opt/libyaml/lib -L/usr/local/opt/readline/lib -L/usr/local/opt/libksba/lib -L/usr/local/opt/openssl/lib -L. -fstack-protector      -Wl,-rpath,/Volumes/MacBook_Files_HD/a_____WEB_DEV/corner-grocery/vendor/bundle/ruby/2.1.0/gems/nokogiri-1.6.1/ports/x86_64-apple-darwin14.0.0/libxml2/2.8.0/lib -Wl,-rpath,/Volumes/MacBook_Files_HD/a_____WEB_DEV/corner-grocery/vendor/bundle/ruby/2.1.0/gems/nokogiri-1.6.1/ports/x86_64-apple-darwin14.0.0/libxslt/1.1.26/lib      -lexslt -lxslt -lxml2 -liconv  -lxslt -lxml2 -lz -lpthread -licucore -lm -lxml2 -lxml2 -lruby.2.1.0 -lexslt -lxslt -lxml2 -liconv  -lxslt -lxml2 -lz -lpthread -licucore -lm -lxml2 -lxml2 -lpthread -ldl -lobjc  "
conftest.c:13:15: warning: implicit declaration of function 'xmlSchemaSetValidStructuredErrors' is invalid in C99 [-Wimplicit-function-declaration]
int t(void) { xmlSchemaSetValidStructuredErrors(); return 0; }
              ^
1 warning generated.
checked program was:
/* begin */
 1: #include "ruby.h"
 2: 
 3: /*top*/
 4: extern int t(void);
 5: int main(int argc, char **argv)
 6: {
 7:   if (argc > 1000000) {
 8:     printf("%p", &t);
 9:   }
10: 
11:   return 0;
12: }
13: int t(void) { xmlSchemaSetValidStructuredErrors(); return 0; }
/* end */

--------------------

have_func: checking for xmlSchemaSetParserStructuredErrors()... -------------------- yes

"gcc -o conftest -I/jaycarter.rvm/rubies/ruby-2.1.0/include/ruby-2.1.0/x86_64-darwin14.0 -I/jaycarter.rvm/rubies/ruby-2.1.0/include/ruby-2.1.0/ruby/backward -I/jaycarter.rvm/rubies/ruby-2.1.0/include/ruby-2.1.0 -I. -I/Volumes/MacBook_Files_HD/a_____WEB_DEV/corner-grocery/vendor/bundle/ruby/2.1.0/gems/nokogiri-1.6.1/ports/x86_64-apple-darwin14.0.0/libxml2/2.8.0/include/libxml2 -I/Volumes/MacBook_Files_HD/a_____WEB_DEV/corner-grocery/vendor/bundle/ruby/2.1.0/gems/nokogiri-1.6.1/ports/x86_64-apple-darwin14.0.0/libxml2/2.8.0/include -I/Volumes/MacBook_Files_HD/a_____WEB_DEV/corner-grocery/vendor/bundle/ruby/2.1.0/gems/nokogiri-1.6.1/ports/x86_64-apple-darwin14.0.0/libxslt/1.1.26/include  -I/usr/local/opt/libyaml/include -I/usr/local/opt/readline/include -I/usr/local/opt/libksba/include -I/usr/local/opt/openssl/include -D_XOPEN_SOURCE -D_DARWIN_C_SOURCE -D_DARWIN_UNLIMITED_SELECT -D_REENTRANT    -O3 -fno-fast-math -ggdb3 -Wall -Wextra -Wno-unused-parameter -Wno-parentheses -Wno-long-long -Wno-missing-field-initializers -Wunused-variable -Wpointer-arith -Wwrite-strings -Wdeclaration-after-statement -Wshorten-64-to-32 -Wimplicit-function-declaration -Wdivision-by-zero -Wextra-tokens  -fno-common -pipe  -g -DXP_UNIX -O3 -Wall -Wcast-qual -Wwrite-strings -Wconversion -Wmissing-noreturn -Winline -DNOKOGIRI_USE_PACKAGED_LIBRARIES -DNOKOGIRI_LIBXML2_PATH='"/Volumes/MacBook_Files_HD/a_____WEB_DEV/corner-grocery/vendor/bundle/ruby/2.1.0/gems/nokogiri-1.6.1/ports/x86_64-apple-darwin14.0.0/libxml2/2.8.0"' -DNOKOGIRI_LIBXSLT_PATH='"/Volumes/MacBook_Files_HD/a_____WEB_DEV/corner-grocery/vendor/bundle/ruby/2.1.0/gems/nokogiri-1.6.1/ports/x86_64-apple-darwin14.0.0/libxslt/1.1.26"' -I/usr/include/libxml2 -I/usr/include/libxml2 conftest.c  -L. -L/jaycarter.rvm/rubies/ruby-2.1.0/lib -L/Volumes/MacBook_Files_HD/a_____WEB_DEV/corner-grocery/vendor/bundle/ruby/2.1.0/gems/nokogiri-1.6.1/ports/x86_64-apple-darwin14.0.0/libxml2/2.8.0/lib -L/Volumes/MacBook_Files_HD/a_____WEB_DEV/corner-grocery/vendor/bundle/ruby/2.1.0/gems/nokogiri-1.6.1/ports/x86_64-apple-darwin14.0.0/libxslt/1.1.26/lib -L/usr/local/opt/libyaml/lib -L/usr/local/opt/readline/lib -L/usr/local/opt/libksba/lib -L/usr/local/opt/openssl/lib -L. -fstack-protector      -Wl,-rpath,/Volumes/MacBook_Files_HD/a_____WEB_DEV/corner-grocery/vendor/bundle/ruby/2.1.0/gems/nokogiri-1.6.1/ports/x86_64-apple-darwin14.0.0/libxml2/2.8.0/lib -Wl,-rpath,/Volumes/MacBook_Files_HD/a_____WEB_DEV/corner-grocery/vendor/bundle/ruby/2.1.0/gems/nokogiri-1.6.1/ports/x86_64-apple-darwin14.0.0/libxslt/1.1.26/lib      -lexslt -lxslt -lxml2 -liconv  -lxslt -lxml2 -lz -lpthread -licucore -lm -lxml2 -lxml2 -lruby.2.1.0 -lexslt -lxslt -lxml2 -liconv  -lxslt -lxml2 -lz -lpthread -licucore -lm -lxml2 -lxml2 -lpthread -ldl -lobjc  "
conftest.c:13:57: error: use of undeclared identifier 'xmlSchemaSetParserStructuredErrors'
int t(void) { void ((*volatile p)()); p = (void ((*)()))xmlSchemaSetParserStructuredErrors; return 0; }
                                                        ^
1 error generated.
checked program was:
/* begin */
 1: #include "ruby.h"
 2: 
 3: /*top*/
 4: extern int t(void);
 5: int main(int argc, char **argv)
 6: {
 7:   if (argc > 1000000) {
 8:     printf("%p", &t);
 9:   }
10: 
11:   return 0;
12: }
13: int t(void) { void ((*volatile p)()); p = (void ((*)()))xmlSchemaSetParserStructuredErrors; return 0; }
/* end */

"gcc -o conftest -I/jaycarter.rvm/rubies/ruby-2.1.0/include/ruby-2.1.0/x86_64-darwin14.0 -I/jaycarter.rvm/rubies/ruby-2.1.0/include/ruby-2.1.0/ruby/backward -I/jaycarter.rvm/rubies/ruby-2.1.0/include/ruby-2.1.0 -I. -I/Volumes/MacBook_Files_HD/a_____WEB_DEV/corner-grocery/vendor/bundle/ruby/2.1.0/gems/nokogiri-1.6.1/ports/x86_64-apple-darwin14.0.0/libxml2/2.8.0/include/libxml2 -I/Volumes/MacBook_Files_HD/a_____WEB_DEV/corner-grocery/vendor/bundle/ruby/2.1.0/gems/nokogiri-1.6.1/ports/x86_64-apple-darwin14.0.0/libxml2/2.8.0/include -I/Volumes/MacBook_Files_HD/a_____WEB_DEV/corner-grocery/vendor/bundle/ruby/2.1.0/gems/nokogiri-1.6.1/ports/x86_64-apple-darwin14.0.0/libxslt/1.1.26/include  -I/usr/local/opt/libyaml/include -I/usr/local/opt/readline/include -I/usr/local/opt/libksba/include -I/usr/local/opt/openssl/include -D_XOPEN_SOURCE -D_DARWIN_C_SOURCE -D_DARWIN_UNLIMITED_SELECT -D_REENTRANT    -O3 -fno-fast-math -ggdb3 -Wall -Wextra -Wno-unused-parameter -Wno-parentheses -Wno-long-long -Wno-missing-field-initializers -Wunused-variable -Wpointer-arith -Wwrite-strings -Wdeclaration-after-statement -Wshorten-64-to-32 -Wimplicit-function-declaration -Wdivision-by-zero -Wextra-tokens  -fno-common -pipe  -g -DXP_UNIX -O3 -Wall -Wcast-qual -Wwrite-strings -Wconversion -Wmissing-noreturn -Winline -DNOKOGIRI_USE_PACKAGED_LIBRARIES -DNOKOGIRI_LIBXML2_PATH='"/Volumes/MacBook_Files_HD/a_____WEB_DEV/corner-grocery/vendor/bundle/ruby/2.1.0/gems/nokogiri-1.6.1/ports/x86_64-apple-darwin14.0.0/libxml2/2.8.0"' -DNOKOGIRI_LIBXSLT_PATH='"/Volumes/MacBook_Files_HD/a_____WEB_DEV/corner-grocery/vendor/bundle/ruby/2.1.0/gems/nokogiri-1.6.1/ports/x86_64-apple-darwin14.0.0/libxslt/1.1.26"' -I/usr/include/libxml2 -I/usr/include/libxml2 conftest.c  -L. -L/jaycarter.rvm/rubies/ruby-2.1.0/lib -L/Volumes/MacBook_Files_HD/a_____WEB_DEV/corner-grocery/vendor/bundle/ruby/2.1.0/gems/nokogiri-1.6.1/ports/x86_64-apple-darwin14.0.0/libxml2/2.8.0/lib -L/Volumes/MacBook_Files_HD/a_____WEB_DEV/corner-grocery/vendor/bundle/ruby/2.1.0/gems/nokogiri-1.6.1/ports/x86_64-apple-darwin14.0.0/libxslt/1.1.26/lib -L/usr/local/opt/libyaml/lib -L/usr/local/opt/readline/lib -L/usr/local/opt/libksba/lib -L/usr/local/opt/openssl/lib -L. -fstack-protector      -Wl,-rpath,/Volumes/MacBook_Files_HD/a_____WEB_DEV/corner-grocery/vendor/bundle/ruby/2.1.0/gems/nokogiri-1.6.1/ports/x86_64-apple-darwin14.0.0/libxml2/2.8.0/lib -Wl,-rpath,/Volumes/MacBook_Files_HD/a_____WEB_DEV/corner-grocery/vendor/bundle/ruby/2.1.0/gems/nokogiri-1.6.1/ports/x86_64-apple-darwin14.0.0/libxslt/1.1.26/lib      -lexslt -lxslt -lxml2 -liconv  -lxslt -lxml2 -lz -lpthread -licucore -lm -lxml2 -lxml2 -lruby.2.1.0 -lexslt -lxslt -lxml2 -liconv  -lxslt -lxml2 -lz -lpthread -licucore -lm -lxml2 -lxml2 -lpthread -ldl -lobjc  "
conftest.c:13:15: warning: implicit declaration of function 'xmlSchemaSetParserStructuredErrors' is invalid in C99 [-Wimplicit-function-declaration]
int t(void) { xmlSchemaSetParserStructuredErrors(); return 0; }
              ^
1 warning generated.
checked program was:
/* begin */
 1: #include "ruby.h"
 2: 
 3: /*top*/
 4: extern int t(void);
 5: int main(int argc, char **argv)
 6: {
 7:   if (argc > 1000000) {
 8:     printf("%p", &t);
 9:   }
10: 
11:   return 0;
12: }
13: int t(void) { xmlSchemaSetParserStructuredErrors(); return 0; }
/* end */

--------------------

